spk_ver/v00/v0000	SES146	0.729702	-60.9159	-61.6456
spk_ver/v00/v0001	SES002	-25.0654	-87.0725	-62.0071
spk_ver/v00/v0002	SES002	-19.7693	-81.7879	-62.0186
spk_ver/v00/v0003	SES002	-28.1188	-91.1149	-62.9962
spk_ver/v00/v0004	SES002	-2.52083	-64.0383	-61.5175
spk_ver/v00/v0005	SES002	-7.13347	-69.4825	-62.349
spk_ver/v00/v0006	SES002	-12.6905	-73.3822	-60.6917
spk_ver/v00/v0007	SES002	-15.4238	-78.3022	-62.8784
spk_ver/v00/v0008	SES146	0.167149	-61.4706	-61.6378
spk_ver/v00/v0009	SES002	-3.12869	-63.0262	-59.8975
spk_ver/v00/v0010	SES002	-5.04017	-66.411	-61.3708
spk_ver/v00/v0011	SES002	-4.05038	-67.1281	-63.0777
spk_ver/v00/v0012	SES002	-19.0509	-78.6003	-59.5495
spk_ver/v00/v0013	SES002	-12.4399	-72.6566	-60.2168
spk_ver/v00/v0014	SES002	-3.64616	-64.7003	-61.0541
spk_ver/v00/v0015	SES002	-3.02537	-63.0807	-60.0553
spk_ver/v00/v0016	SES275	0.35754	-62.2037	-62.5612
spk_ver/v00/v0017	SES002	-0.645084	-60.1129	-59.4678
spk_ver/v00/v0018	SES002	-22.6389	-86.264	-63.6251
spk_ver/v00/v0019	SES002	-3.09064	-63.5188	-60.4281
spk_ver/v00/v0020	SES002	-20.9165	-84.5714	-63.6549
spk_ver/v00/v0021	SES002	-18.861	-80.2614	-61.4005
spk_ver/v00/v0022	SES002	-4.71686	-65.3287	-60.6119
spk_ver/v00/v0023	SES002	-13.8721	-73.62	-59.7479
spk_ver/v00/v0024	SES002	-19.7927	-81.8947	-62.102
spk_ver/v00/v0025	SES002	-14.6177	-77.3048	-62.6871
spk_ver/v00/v0026	SES002	-10.5557	-70.7909	-60.2352
spk_ver/v00/v0027	SES129	1.7085	-58.8456	-60.5541
spk_ver/v00/v0028	SES007	-3.10573	-63.7166	-60.6108
spk_ver/v00/v0029	SES083	-0.488583	-60.7657	-60.2771
spk_ver/v00/v0030	SES019	2.0554	-58.9818	-61.0372
spk_ver/v00/v0031	SES007	-3.82308	-65.7481	-61.925
spk_ver/v00/v0032	SES270	1.34542	-59.0447	-60.3901
spk_ver/v00/v0033	SES007	-4.29268	-65.8607	-61.568
spk_ver/v00/v0034	SES007	-5.15645	-70.5666	-65.4101
spk_ver/v00/v0035	SES007	-1.77044	-62.472	-60.7016
spk_ver/v00/v0036	SES007	-1.76078	-62.1123	-60.3515
spk_ver/v00/v0037	SES007	-4.78783	-64.4613	-59.6735
spk_ver/v00/v0038	SES259	1.99127	-57.204	-59.1952
spk_ver/v00/v0039	SES007	-4.2547	-66.2703	-62.0156
spk_ver/v00/v0040	SES007	-4.07199	-63.4437	-59.3717
spk_ver/v00/v0041	SES007	-4.02057	-64.2859	-60.2653
spk_ver/v00/v0042	SES007	-1.57331	-63.6822	-62.1089
spk_ver/v00/v0043	SES007	-1.55378	-63.2071	-61.6533
spk_ver/v00/v0044	SES007	-3.80913	-62.5187	-58.7096
spk_ver/v00/v0045	SES007	-2.09915	-62.5145	-60.4153
spk_ver/v00/v0046	SES007	-2.507	-62.6627	-60.1557
spk_ver/v00/v0047	SES172	0.731415	-60.2927	-61.0241
spk_ver/v00/v0048	SES105	1.22517	-60.2492	-61.4743
spk_ver/v00/v0049	SES007	-1.75183	-62.3854	-60.6336
spk_ver/v00/v0050	SES292	-0.424789	-61.207	-60.7822
spk_ver/v00/v0051	SES007	-2.86207	-65.0967	-62.2346
spk_ver/v00/v0052	SES068	0.0186882	-60.0139	-60.0326
spk_ver/v00/v0053	SES008	-1.95686	-61.7617	-59.8049
spk_ver/v00/v0054	SES008	-8.06081	-71.4886	-63.4278
spk_ver/v00/v0055	SES008	-4.16938	-66.6042	-62.4348
spk_ver/v00/v0056	SES008	-9.19678	-69.8026	-60.6058
spk_ver/v00/v0057	SES008	-9.1394	-69.9863	-60.8469
spk_ver/v00/v0058	SES083	0.334827	-60.2162	-60.5511
spk_ver/v00/v0059	SES158	2.16268	-58.276	-60.4387
spk_ver/v00/v0060	SES008	-3.26348	-63.9899	-60.7265
spk_ver/v00/v0061	SES101	-0.109802	-60.5028	-60.393
spk_ver/v00/v0062	SES008	-4.7501	-66.5051	-61.755
spk_ver/v00/v0063	SES008	-3.38118	-64.4897	-61.1085
spk_ver/v00/v0064	SES117	1.19263	-61.2602	-62.4528
spk_ver/v00/v0065	SES149	1.95048	-58.3428	-60.2933
spk_ver/v00/v0066	SES008	-4.16993	-65.8499	-61.68
spk_ver/v00/v0067	SES008	-6.00497	-70.1364	-64.1314
spk_ver/v00/v0068	SES162	1.58405	-60.0445	-61.6286
spk_ver/v00/v0069	SES008	-8.10685	-66.9979	-58.891
spk_ver/v00/v0070	SES008	-0.815659	-61.1017	-60.2861
spk_ver/v00/v0071	SES008	-3.70002	-65.2202	-61.5201
spk_ver/v00/v0072	SES008	-1.8382	-61.356	-59.5178
spk_ver/v00/v0073	SES008	-4.33845	-63.8131	-59.4746
spk_ver/v00/v0074	SES008	-5.45586	-66.9143	-61.4585
spk_ver/v00/v0075	SES008	-9.83658	-71.831	-61.9944
spk_ver/v00/v0076	SES167	1.18349	-59.6216	-60.8051
spk_ver/v00/v0077	SES008	-2.5421	-62.1547	-59.6126
spk_ver/v00/v0078	SES177	0.641014	-59.7502	-60.3912
spk_ver/v00/v0079	SES008	-3.79363	-64.8923	-61.0987
spk_ver/v00/v0080	SES008	-4.07722	-65.7982	-61.721
spk_ver/v00/v0081	SES008	-7.73629	-70.4899	-62.7537
spk_ver/v00/v0082	SES008	-4.27072	-65.3222	-61.0515
spk_ver/v00/v0083	SES008	-9.3916	-71.2645	-61.873
spk_ver/v00/v0084	SES144	0.576939	-61.1076	-61.6845
spk_ver/v00/v0085	SES008	-3.222	-64.2429	-61.0209
spk_ver/v00/v0086	SES008	-2.56596	-61.6495	-59.0835
spk_ver/v00/v0087	SES008	-5.32775	-68.035	-62.7072
spk_ver/v00/v0088	SES008	-4.78913	-65.7628	-60.9737
spk_ver/v00/v0089	SES008	-2.37853	-64.6975	-62.3189
spk_ver/v00/v0090	SES142	2.23431	-59.5347	-61.769
spk_ver/v00/v0091	SES008	-9.86868	-69.3959	-59.5272
spk_ver/v00/v0092	SES158	0.216866	-60.6946	-60.9114
spk_ver/v00/v0093	SES014	-9.07645	-69.4509	-60.3744
spk_ver/v00/v0094	SES014	-4.93048	-68.4096	-63.4791
spk_ver/v00/v0095	SES014	-2.63347	-61.8622	-59.2288
spk_ver/v00/v0096	SES014	-4.22603	-64.1396	-59.9135
spk_ver/v00/v0097	SES014	-3.15498	-64.8993	-61.7444
spk_ver/v00/v0098	SES014	-3.20772	-63.0261	-59.8184
spk_ver/v00/v0099	SES014	-18.8795	-80.8054	-61.926
spk_ver/v01/v0100	SES127	0.720291	-59.9218	-60.6421
spk_ver/v01/v0101	SES014	-16.0414	-79.474	-63.4326
spk_ver/v01/v0102	SES014	-24.6732	-87.0687	-62.3955
spk_ver/v01/v0103	SES014	-7.45598	-71.3891	-63.9332
spk_ver/v01/v0104	SES014	-16.9555	-79.6933	-62.7377
spk_ver/v01/v0105	SES014	-4.43835	-66.8884	-62.4501
spk_ver/v01/v0106	SES014	-2.97485	-63.9004	-60.9255
spk_ver/v01/v0107	SES014	-22.4626	-82.749	-60.2864
spk_ver/v01/v0108	SES014	-26.4143	-88.7085	-62.2942
spk_ver/v01/v0109	SES014	-15.8462	-79.2569	-63.4107
spk_ver/v01/v0110	SES014	-3.7524	-66.0454	-62.293
spk_ver/v01/v0111	SES014	-2.4417	-62.0693	-59.6276
spk_ver/v01/v0112	SES014	-17.5279	-78.0903	-60.5624
spk_ver/v01/v0113	SES104	-0.658436	-61.1199	-60.4615
spk_ver/v01/v0114	SES082	0.272621	-59.6107	-59.8833
spk_ver/v01/v0115	SES087	1.908	-58.108	-60.016
spk_ver/v01/v0116	SES014	-2.76139	-63.0889	-60.3275
spk_ver/v01/v0117	SES177	-0.0671501	-61.2009	-61.1337
spk_ver/v01/v0118	SES014	-17.0253	-79.4941	-62.4688
spk_ver/v01/v0119	SES014	-2.13979	-62.0476	-59.9078
spk_ver/v01/v0120	SES014	-23.4288	-86.7715	-63.3427
spk_ver/v01/v0121	SES146	0.398064	-60.7016	-61.0997
spk_ver/v01/v0122	SES014	1.51546	-57.2821	-58.7976
spk_ver/v01/v0123	SES014	-2.36026	-62.8045	-60.4443
spk_ver/v01/v0124	SES014	-17.8875	-78.956	-61.0685
spk_ver/v01/v0125	SES014	-10.8333	-73.3565	-62.5232
spk_ver/v01/v0126	SES016	-3.49171	-65.317	-61.8253
spk_ver/v01/v0127	SES016	-4.93921	-68.5858	-63.6466
spk_ver/v01/v0128	SES106	1.48061	-58.5655	-60.0461
spk_ver/v01/v0129	SES016	-5.89634	-65.4949	-59.5986
spk_ver/v01/v0130	SES016	-2.86948	-64.9079	-62.0384
spk_ver/v01/v0131	SES016	-5.79895	-66.7368	-60.9378
spk_ver/v01/v0132	SES016	-3.02779	-64.1898	-61.162
spk_ver/v01/v0133	SES016	-2.66605	-65.3557	-62.6896
spk_ver/v01/v0134	SES016	-4.18028	-64.0367	-59.8564
spk_ver/v01/v0135	SES016	-5.58883	-68.2259	-62.6371
spk_ver/v01/v0136	SES016	-4.12208	-66.9881	-62.866
spk_ver/v01/v0137	SES007	0.0545731	-61.3835	-61.438
spk_ver/v01/v0138	SES016	-1.78384	-63.0507	-61.2668
spk_ver/v01/v0139	SES016	-1.94193	-62.1768	-60.2349
spk_ver/v01/v0140	SES016	1.34167	-60.0123	-61.3539
spk_ver/v01/v0141	SES016	-10.7203	-74.5469	-63.8266
spk_ver/v01/v0142	SES016	-4.79041	-64.7274	-59.937
spk_ver/v01/v0143	SES016	-8.26465	-71.0815	-62.8168
spk_ver/v01/v0144	SES016	-3.65272	-64.1589	-60.5061
spk_ver/v01/v0145	SES016	-4.28078	-66.706	-62.4253
spk_ver/v01/v0146	SES016	-2.03271	-61.9642	-59.9314
spk_ver/v01/v0147	SES016	-2.19545	-63.8263	-61.6309
spk_ver/v01/v0148	SES127	0.844475	-59.8732	-60.7177
spk_ver/v01/v0149	SES016	-5.69457	-66.6868	-60.9922
spk_ver/v01/v0150	SES016	-3.54659	-64.7077	-61.1612
spk_ver/v01/v0151	SES147	1.335	-61.615	-62.95
spk_ver/v01/v0152	SES016	-1.93935	-63.36	-61.4206
spk_ver/v01/v0153	SES104	0.993275	-58.1715	-59.1648
spk_ver/v01/v0154	SES016	-3.70852	-65.3744	-61.6659
spk_ver/v01/v0155	SES016	-2.91311	-65.4482	-62.5351
spk_ver/v01/v0156	SES019	-2.36238	-64.0837	-61.7213
spk_ver/v01/v0157	SES019	-5.75803	-65.2865	-59.5285
spk_ver/v01/v0158	SES019	-1.97471	-61.9294	-59.9547
spk_ver/v01/v0159	SES007	0.145496	-60.3936	-60.5391
spk_ver/v01/v0160	SES019	-3.68291	-63.0558	-59.3729
spk_ver/v01/v0161	SES019	-3.56309	-64.8089	-61.2458
spk_ver/v01/v0162	SES019	-10.863	-70.7187	-59.8557
spk_ver/v01/v0163	SES189	1.89817	-61.1717	-63.0698
spk_ver/v01/v0164	SES019	-2.73235	-62.6635	-59.9311
spk_ver/v01/v0165	SES019	-2.25523	-63.8139	-61.5586
spk_ver/v01/v0166	SES019	-10.5736	-70.525	-59.9514
spk_ver/v01/v0167	SES019	-13.0015	-75.0697	-62.0681
spk_ver/v01/v0168	SES019	-2.3009	-64.9568	-62.6559
spk_ver/v01/v0169	SES019	-4.99336	-66.1284	-61.135
spk_ver/v01/v0170	SES270	1.28586	-59.2453	-60.5312
spk_ver/v01/v0171	SES019	-3.25466	-63.9836	-60.729
spk_ver/v01/v0172	SES019	-13.7355	-76.0065	-62.271
spk_ver/v01/v0173	SES206	1.32006	-58.9245	-60.2446
spk_ver/v01/v0174	SES019	-2.82655	-63.2103	-60.3838
spk_ver/v01/v0175	SES014	0.958252	-58.675	-59.6332
spk_ver/v01/v0176	SES019	-10.0878	-70.7499	-60.6621
spk_ver/v01/v0177	SES120	1.21675	-60.8261	-62.0428
spk_ver/v01/v0178	SES019	-1.67719	-64.5477	-62.8705
spk_ver/v01/v0179	SES019	-14.1471	-73.6832	-59.5361
spk_ver/v01/v0180	SES175	1.34983	-60.3236	-61.6734
spk_ver/v01/v0181	SES019	-13.0085	-75.9421	-62.9336
spk_ver/v01/v0182	SES019	-7.77013	-68.162	-60.3919
spk_ver/v01/v0183	SES029	-3.46714	-64.9731	-61.506
spk_ver/v01/v0184	SES029	-5.84161	-65.9638	-60.1222
spk_ver/v01/v0185	SES029	-4.27185	-65.2554	-60.9835
spk_ver/v01/v0186	SES068	0.889862	-59.1819	-60.0718
spk_ver/v01/v0187	SES029	-5.56878	-65.8365	-60.2677
spk_ver/v01/v0188	SES029	-3.46611	-62.8058	-59.3397
spk_ver/v01/v0189	SES149	1.97461	-58.4714	-60.446
spk_ver/v01/v0190	SES029	-4.89451	-64.7697	-59.8752
spk_ver/v01/v0191	SES029	-5.78493	-66.1353	-60.3503
spk_ver/v01/v0192	SES183	1.53746	-58.6419	-60.1794
spk_ver/v01/v0193	SES029	-2.00178	-63.2942	-61.2924
spk_ver/v01/v0194	SES016	0.747082	-60.2864	-61.0335
spk_ver/v01/v0195	SES029	-4.32014	-64.9111	-60.591
spk_ver/v01/v0196	SES029	-1.47493	-62.6731	-61.1982
spk_ver/v01/v0197	SES029	-5.86692	-65.2389	-59.372
spk_ver/v01/v0198	SES146	0.186047	-61.1806	-61.3667
spk_ver/v01/v0199	SES029	-4.03954	-66.1313	-62.0918
spk_ver/v02/v0200	SES029	-3.08254	-65.6513	-62.5688
spk_ver/v02/v0201	SES068	0.893776	-59.5292	-60.423
spk_ver/v02/v0202	SES148	1.43656	-60.027	-61.4635
spk_ver/v02/v0203	SES029	-3.70398	-64.7108	-61.0068
spk_ver/v02/v0204	SES029	-1.16093	-62.3348	-61.1738
spk_ver/v02/v0205	SES060	0.878674	-59.18	-60.0587
spk_ver/v02/v0206	SES127	1.73179	-58.3948	-60.1266
spk_ver/v02/v0207	SES029	-5.12818	-65.8942	-60.766
spk_ver/v02/v0208	SES048	1.82741	-59.6561	-61.4835
spk_ver/v02/v0209	SES029	-2.13547	-63.5525	-61.417
spk_ver/v02/v0210	SES029	-5.77552	-67.4022	-61.6267
spk_ver/v02/v0211	SES029	-3.76938	-63.6584	-59.889
spk_ver/v02/v0212	SES042	-23.8175	-86.739	-62.9215
spk_ver/v02/v0213	SES085	1.09878	-60.6305	-61.7293
spk_ver/v02/v0214	SES206	1.69646	-57.607	-59.3034
spk_ver/v02/v0215	SES144	0.433372	-61.1056	-61.5389
spk_ver/v02/v0216	SES042	-3.91175	-64.2877	-60.3759
spk_ver/v02/v0217	SES042	-4.53364	-69.1508	-64.6171
spk_ver/v02/v0218	SES042	-2.06514	-60.8337	-58.7685
spk_ver/v02/v0219	SES206	1.25617	-58.1115	-59.3677
spk_ver/v02/v0220	SES019	4.10219	-57.1226	-61.2247
spk_ver/v02/v0221	SES007	0.0393562	-61.1867	-61.2261
spk_ver/v02/v0222	SES042	-20.2826	-82.9778	-62.6951
spk_ver/v02/v0223	SES147	1.90265	-61.6414	-63.544
spk_ver/v02/v0224	SES105	1.23013	-60.5479	-61.778
spk_ver/v02/v0225	SES042	-2.74674	-63.326	-60.5793
spk_ver/v02/v0226	SES275	0.969379	-60.8897	-61.8591
spk_ver/v02/v0227	SES042	-5.51886	-67.2761	-61.7572
spk_ver/v02/v0228	SES042	-13.1339	-74.6247	-61.4908
spk_ver/v02/v0229	SES042	-24.5012	-84.7084	-60.2071
spk_ver/v02/v0230	SES085	0.460503	-58.7506	-59.2111
spk_ver/v02/v0231	SES014	1.76491	-57.5186	-59.2835
spk_ver/v02/v0232	SES042	-2.144	-61.4461	-59.3021
spk_ver/v02/v0233	SES048	-4.83215	-64.8371	-60.0049
spk_ver/v02/v0234	SES048	-9.68106	-72.6059	-62.9249
spk_ver/v02/v0235	SES029	0.388348	-60.2541	-60.6425
spk_ver/v02/v0236	SES048	-4.93032	-64.9211	-59.9907
spk_ver/v02/v0237	SES048	-5.38048	-66.1072	-60.7267
spk_ver/v02/v0238	SES048	-4.45495	-65.8832	-61.4282
spk_ver/v02/v0239	SES060	0.904724	-59.6317	-60.5364
spk_ver/v02/v0240	SES048	-8.57417	-70.6727	-62.0986
spk_ver/v02/v0241	SES048	-8.41071	-70.3143	-61.9036
spk_ver/v02/v0242	SES189	3.70314	-60.4868	-64.1899
spk_ver/v02/v0243	SES162	0.854599	-61.0794	-61.934
spk_ver/v02/v0244	SES048	-5.25152	-64.5031	-59.2516
spk_ver/v02/v0245	SES048	-4.80793	-65.4875	-60.6796
spk_ver/v02/v0246	SES048	-4.51707	-64.1613	-59.6442
spk_ver/v02/v0247	SES048	-5.94299	-67.7958	-61.8528
spk_ver/v02/v0248	SES226	2.31498	-58.4944	-60.8094
spk_ver/v02/v0249	SES048	-5.15916	-66.6873	-61.5281
spk_ver/v02/v0250	SES048	-3.86255	-65.8852	-62.0226
spk_ver/v02/v0251	SES048	-4.99244	-66.4034	-61.4109
spk_ver/v02/v0252	SES060	-10.6644	-74.6103	-63.9458
spk_ver/v02/v0253	SES060	-7.1698	-67.5356	-60.3658
spk_ver/v02/v0254	SES259	2.30726	-57.2746	-59.5818
spk_ver/v02/v0255	SES060	-5.77835	-68.3947	-62.6163
spk_ver/v02/v0256	SES202	1.07388	-60.8887	-61.9626
spk_ver/v02/v0257	SES148	0.663677	-59.5558	-60.2195
spk_ver/v02/v0258	SES060	-9.04527	-72.4185	-63.3732
spk_ver/v02/v0259	SES060	-2.12822	-63.0966	-60.9684
spk_ver/v02/v0260	SES060	-3.19041	-64.0947	-60.9043
spk_ver/v02/v0261	SES099	2.03291	-57.9293	-59.9622
spk_ver/v02/v0262	SES060	-4.65011	-66.0949	-61.4448
spk_ver/v02/v0263	SES060	-3.29232	-63.0353	-59.7429
spk_ver/v02/v0264	SES292	0.260326	-61.1153	-61.3757
spk_ver/v02/v0265	SES060	-2.264	-62.9625	-60.6985
spk_ver/v02/v0266	SES060	-9.31857	-70.5404	-61.2218
spk_ver/v02/v0267	SES060	-6.45301	-68.3254	-61.8724
spk_ver/v02/v0268	SES060	-7.41882	-70.1942	-62.7754
spk_ver/v02/v0269	SES127	0.959404	-59.6568	-60.6162
spk_ver/v02/v0270	SES060	-3.0877	-65.1342	-62.0465
spk_ver/v02/v0271	SES060	-2.46509	-62.9771	-60.512
spk_ver/v02/v0272	SES060	-6.56671	-69.2608	-62.6941
spk_ver/v02/v0273	SES087	1.53098	-58.9116	-60.4426
spk_ver/v02/v0274	SES146	0.487682	-61.172	-61.6597
spk_ver/v02/v0275	SES060	-7.28596	-69.3656	-62.0796
spk_ver/v02/v0276	SES002	2.14825	-57.9527	-60.1009
spk_ver/v02/v0277	SES060	-3.44298	-63.7418	-60.2988
spk_ver/v02/v0278	SES060	-7.27011	-68.8671	-61.597
spk_ver/v02/v0279	SES060	-7.99676	-67.1272	-59.1304
spk_ver/v02/v0280	SES129	2.37428	-58.6936	-61.0679
spk_ver/v02/v0281	SES162	1.14286	-60.3415	-61.4844
spk_ver/v02/v0282	SES060	-5.30417	-65.833	-60.5289
spk_ver/v02/v0283	SES060	-3.88921	-64.4992	-60.61
spk_ver/v02/v0284	SES062	-5.3107	-68.6466	-63.3359
spk_ver/v02/v0285	SES062	-5.25523	-65.4408	-60.1856
spk_ver/v02/v0286	SES120	-0.423996	-62.41	-61.986
spk_ver/v02/v0287	SES062	-5.27847	-66.918	-61.6396
spk_ver/v02/v0288	SES062	-5.17342	-66.071	-60.8975
spk_ver/v02/v0289	SES062	-4.06598	-63.1948	-59.1288
spk_ver/v02/v0290	SES062	-3.07299	-64.3435	-61.2705
spk_ver/v02/v0291	SES275	0.10157	-61.1848	-61.2863
spk_ver/v02/v0292	SES062	-6.41829	-69.2254	-62.8071
spk_ver/v02/v0293	SES062	-9.18193	-72.1937	-63.0118
spk_ver/v02/v0294	SES062	-3.98571	-63.1497	-59.164
spk_ver/v02/v0295	SES062	-5.55525	-67.8248	-62.2696
spk_ver/v02/v0296	SES062	-5.22191	-66.2863	-61.0644
spk_ver/v02/v0297	SES062	-7.04614	-68.5739	-61.5277
spk_ver/v02/v0298	SES062	-5.5036	-66.7791	-61.2755
spk_ver/v02/v0299	SES062	-3.14077	-64.2459	-61.1051
spk_ver/v03/v0300	SES062	-8.88782	-73.289	-64.4012
spk_ver/v03/v0301	SES062	-3.45295	-63.9389	-60.486
spk_ver/v03/v0302	SES172	1.45019	-58.3536	-59.8038
spk_ver/v03/v0303	SES062	-1.86608	-63.0327	-61.1666
spk_ver/v03/v0304	SES062	-3.32032	-64.5512	-61.2308
spk_ver/v03/v0305	SES062	-4.5286	-65.249	-60.7204
spk_ver/v03/v0306	SES062	-9.17462	-73.5183	-64.3437
spk_ver/v03/v0307	SES062	-5.17174	-65.0217	-59.85
spk_ver/v03/v0308	SES062	-9.81571	-72.2362	-62.4205
spk_ver/v03/v0309	SES062	-3.85627	-67.1115	-63.2552
spk_ver/v03/v0310	SES125	1.17336	-57.9142	-59.0875
spk_ver/v03/v0311	SES062	-4.55172	-63.8961	-59.3444
spk_ver/v03/v0312	SES062	-10.0545	-72.1763	-62.1218
spk_ver/v03/v0313	SES062	-4.28661	-68.1721	-63.8855
spk_ver/v03/v0314	SES068	-6.1698	-66.9311	-60.7613
spk_ver/v03/v0315	SES068	-4.95028	-64.4969	-59.5466
spk_ver/v03/v0316	SES068	-7.42337	-70.5241	-63.1008
spk_ver/v03/v0317	SES068	-3.41105	-66.5372	-63.1262
spk_ver/v03/v0318	SES068	-6.40456	-66.2719	-59.8674
spk_ver/v03/v0319	SES068	-8.74453	-69.6597	-60.9151
spk_ver/v03/v0320	SES068	-2.44649	-62.0479	-59.6014
spk_ver/v03/v0321	SES068	-1.32361	-62.916	-61.5924
spk_ver/v03/v0322	SES068	-1.69867	-62.6151	-60.9164
spk_ver/v03/v0323	SES068	-4.02572	-65.7495	-61.7238
spk_ver/v03/v0324	SES144	0.128689	-63.0259	-63.1546
spk_ver/v03/v0325	SES068	-3.81075	-63.7182	-59.9075
spk_ver/v03/v0326	SES068	-1.79443	-61.097	-59.3026
spk_ver/v03/v0327	SES068	-3.85984	-65.4244	-61.5646
spk_ver/v03/v0328	SES068	-6.44846	-67.5616	-61.1131
spk_ver/v03/v0329	SES068	-2.56739	-63.0809	-60.5135
spk_ver/v03/v0330	SES180	-0.0967789	-61.6271	-61.5303
spk_ver/v03/v0331	SES068	-2.44574	-63.694	-61.2483
spk_ver/v03/v0332	SES275	1.30113	-59.998	-61.2991
spk_ver/v03/v0333	SES062	1.62735	-57.4031	-59.0305
spk_ver/v03/v0334	SES270	1.87631	-58.9707	-60.847
spk_ver/v03/v0335	SES068	-7.28531	-69.5633	-62.278
spk_ver/v03/v0336	SES068	-1.84061	-61.0135	-59.1729
spk_ver/v03/v0337	SES068	-3.04697	-65.8798	-62.8328
spk_ver/v03/v0338	SES068	-4.01989	-66.8547	-62.8348
spk_ver/v03/v0339	SES068	-2.18818	-63.5292	-61.341
spk_ver/v03/v0340	SES068	-3.33674	-66.5732	-63.2365
spk_ver/v03/v0341	SES016	1.10943	-59.5161	-60.6255
spk_ver/v03/v0342	SES068	-5.11511	-68.6128	-63.4976
spk_ver/v03/v0343	SES068	-2.52791	-64.2185	-61.6905
spk_ver/v03/v0344	SES125	1.34663	-58.5796	-59.9262
spk_ver/v03/v0345	SES187	1.09229	-59.865	-60.9573
spk_ver/v03/v0346	SES068	-4.09931	-64.3729	-60.2735
spk_ver/v03/v0347	SES143	0.660522	-60.7712	-61.4317
spk_ver/v03/v0348	SES292	1.12117	-60.1089	-61.23
spk_ver/v03/v0349	SES082	-8.39741	-69.3096	-60.9121
spk_ver/v03/v0350	SES101	0.575066	-58.8893	-59.4644
spk_ver/v03/v0351	SES082	-0.900822	-61.5158	-60.6149
spk_ver/v03/v0352	SES082	-2.55607	-64.435	-61.8789
spk_ver/v03/v0353	SES082	-11.6059	-73.2505	-61.6447
spk_ver/v03/v0354	SES082	-19.8923	-82.8551	-62.9629
spk_ver/v03/v0355	SES083	0.324078	-58.8097	-59.1338
spk_ver/v03/v0356	SES082	-3.30676	-64.7807	-61.4739
spk_ver/v03/v0357	SES082	-17.3556	-79.5508	-62.1952
spk_ver/v03/v0358	SES082	-1.18247	-62.3397	-61.1572
spk_ver/v03/v0359	SES117	0.420845	-63.5043	-63.9252
spk_ver/v03/v0360	SES082	-11.149	-72.3761	-61.2271
spk_ver/v03/v0361	SES082	-2.48803	-64.1787	-61.6907
spk_ver/v03/v0362	SES007	0.588821	-60.1287	-60.7175
spk_ver/v03/v0363	SES082	-3.56743	-63.7651	-60.1977
spk_ver/v03/v0364	SES019	2.14704	-59.2104	-61.3574
spk_ver/v03/v0365	SES082	-1.69757	-62.7738	-61.0763
spk_ver/v03/v0366	SES226	2.05007	-58.9387	-60.9888
spk_ver/v03/v0367	SES167	1.40103	-58.7132	-60.1142
spk_ver/v03/v0368	SES082	-3.0834	-62.0809	-58.9975
spk_ver/v03/v0369	SES042	3.47916	-55.4683	-58.9475
spk_ver/v03/v0370	SES042	2.34749	-57.1593	-59.5068
spk_ver/v03/v0371	SES082	-12.3421	-73.3873	-61.0452
spk_ver/v03/v0372	SES082	-2.98466	-62.3815	-59.3969
spk_ver/v03/v0373	SES082	-10.9214	-73.5316	-62.6102
spk_ver/v03/v0374	SES083	-1.83528	-61.5133	-59.678
spk_ver/v03/v0375	SES292	0.516846	-60.6474	-61.1643
spk_ver/v03/v0376	SES083	-5.05276	-65.2842	-60.2315
spk_ver/v03/v0377	SES083	-4.48117	-65.7094	-61.2283
spk_ver/v03/v0378	SES083	-3.37692	-66.0335	-62.6565
spk_ver/v03/v0379	SES083	-1.83865	-63.0605	-61.2218
spk_ver/v03/v0380	SES083	-3.62059	-65.9935	-62.3729
spk_ver/v03/v0381	SES083	-2.71326	-64.3515	-61.6383
spk_ver/v03/v0382	SES148	0.684116	-59.9869	-60.671
spk_ver/v03/v0383	SES083	-1.71994	-61.6886	-59.9686
spk_ver/v03/v0384	SES226	1.63418	-58.7961	-60.4302
spk_ver/v03/v0385	SES226	1.96027	-58.115	-60.0752
spk_ver/v03/v0386	SES087	1.22172	-59.2993	-60.521
spk_ver/v03/v0387	SES029	0.981529	-60.3381	-61.3196
spk_ver/v03/v0388	SES147	2.25026	-60.7179	-62.9682
spk_ver/v03/v0389	SES083	-5.87068	-67.309	-61.4383
spk_ver/v03/v0390	SES189	1.87406	-60.0877	-61.9618
spk_ver/v03/v0391	SES083	-2.16359	-63.1496	-60.986
spk_ver/v03/v0392	SES083	-0.64994	-60.0482	-59.3982
spk_ver/v03/v0393	SES083	-2.74661	-63.591	-60.8444
spk_ver/v03/v0394	SES083	-4.66743	-65.699	-61.0315
spk_ver/v03/v0395	SES083	-1.58237	-62.0738	-60.4915
spk_ver/v03/v0396	SES014	2.5722	-56.5493	-59.1215
spk_ver/v03/v0397	SES085	-1.80228	-61.0798	-59.2775
spk_ver/v03/v0398	SES085	-2.55501	-62.0508	-59.4958
spk_ver/v03/v0399	SES085	-7.27031	-66.9054	-59.6351
spk_ver/v04/v0400	SES106	1.85271	-57.7847	-59.6374
spk_ver/v04/v0401	SES085	-6.12675	-66.3276	-60.2009
spk_ver/v04/v0402	SES085	-9.57454	-71.5595	-61.985
spk_ver/v04/v0403	SES085	-1.45328	-61.444	-59.9907
spk_ver/v04/v0404	SES180	0.928841	-60.0317	-60.9605
spk_ver/v04/v0405	SES129	1.95681	-57.9298	-59.8866
spk_ver/v04/v0406	SES085	-7.1824	-67.4054	-60.223
spk_ver/v04/v0407	SES146	-0.186256	-62.4671	-62.2808
spk_ver/v04/v0408	SES085	-1.61821	-61.657	-60.0388
spk_ver/v04/v0409	SES085	-5.22652	-65.811	-60.5845
spk_ver/v04/v0410	SES085	-8.87952	-68.9314	-60.0519
spk_ver/v04/v0411	SES292	0.595444	-60.7877	-61.3831
spk_ver/v04/v0412	SES085	-2.17503	-61.9882	-59.8132
spk_ver/v04/v0413	SES125	1.97778	-57.4109	-59.3887
spk_ver/v04/v0414	SES085	-9.02097	-74.9462	-65.9252
spk_ver/v04/v0415	SES085	-3.65605	-64.4199	-60.7639
spk_ver/v04/v0416	SES085	-4.34343	-64.9462	-60.6028
spk_ver/v04/v0417	SES062	0.333591	-58.8625	-59.1961
spk_ver/v04/v0418	SES060	2.22797	-58.5255	-60.7535
spk_ver/v04/v0419	SES085	-2.20374	-62.9288	-60.7251
spk_ver/v04/v0420	SES085	-6.84592	-66.7861	-59.9402
spk_ver/v04/v0421	SES085	-8.79957	-70.1999	-61.4003
spk_ver/v04/v0422	SES085	-2.58589	-64.8388	-62.2529
spk_ver/v04/v0423	SES085	-7.89998	-69.2491	-61.3492
spk_ver/v04/v0424	SES085	-6.47837	-69.0268	-62.5484
spk_ver/v04/v0425	SES183	1.12921	-60.6749	-61.8041
spk_ver/v04/v0426	SES085	-6.54596	-66.8275	-60.2815
spk_ver/v04/v0427	SES087	-3.38901	-64.165	-60.776
spk_ver/v04/v0428	SES162	1.28206	-60.2861	-61.5681
spk_ver/v04/v0429	SES087	-2.14184	-62.119	-59.9772
spk_ver/v04/v0430	SES087	-10.6256	-73.7192	-63.0936
spk_ver/v04/v0431	SES087	-22.226	-84.3289	-62.103
spk_ver/v04/v0432	SES087	-3.4626	-64.5	-61.0374
spk_ver/v04/v0433	SES087	-15.9256	-75.728	-59.8023
spk_ver/v04/v0434	SES142	2.92884	-58.7249	-61.6538
spk_ver/v04/v0435	SES087	-17.2115	-79.592	-62.3805
spk_ver/v04/v0436	SES099	1.362	-58.2573	-59.6193
spk_ver/v04/v0437	SES087	-8.29903	-68.5506	-60.2515
spk_ver/v04/v0438	SES087	-12.3372	-73.8151	-61.4779
spk_ver/v04/v0439	SES087	-2.09758	-60.9612	-58.8636
spk_ver/v04/v0440	SES087	-11.8788	-72.803	-60.9242
spk_ver/v04/v0441	SES087	-20.0373	-81.7578	-61.7206
spk_ver/v04/v0442	SES187	2.01398	-59.8756	-61.8896
spk_ver/v04/v0443	SES172	2.12672	-59.0246	-61.1513
spk_ver/v04/v0444	SES087	-5.10729	-65.9089	-60.8016
spk_ver/v04/v0445	SES087	-2.45602	-62.2134	-59.7574
spk_ver/v04/v0446	SES087	-0.76358	-60.2692	-59.5057
spk_ver/v04/v0447	SES087	-1.80959	-61.6152	-59.8056
spk_ver/v04/v0448	SES106	2.03492	-58.8175	-60.8524
spk_ver/v04/v0449	SES146	0.844936	-61.269	-62.1139
spk_ver/v04/v0450	SES087	-17.0477	-78.5586	-61.5109
spk_ver/v04/v0451	SES087	-2.50232	-62.7056	-60.2033
spk_ver/v04/v0452	SES007	1.24036	-60.1789	-61.4192
spk_ver/v04/v0453	SES087	-2.8388	-63.7932	-60.9544
spk_ver/v04/v0454	SES087	-14.8821	-76.7445	-61.8624
spk_ver/v04/v0455	SES180	0.59623	-60.6531	-61.2493
spk_ver/v04/v0456	SES099	-11.1232	-73.9382	-62.8149
spk_ver/v04/v0457	SES042	2.05347	-58.2307	-60.2842
spk_ver/v04/v0458	SES099	-0.829865	-61.3272	-60.4974
spk_ver/v04/v0459	SES099	-19.4511	-81.0487	-61.5976
spk_ver/v04/v0460	SES099	-13.6627	-77.7563	-64.0936
spk_ver/v04/v0461	SES099	-1.62963	-61.8304	-60.2007
spk_ver/v04/v0462	SES082	1.89202	-57.9794	-59.8714
spk_ver/v04/v0463	SES099	-0.838993	-61.0733	-60.2343
spk_ver/v04/v0464	SES099	0.205742	-59.0954	-59.3011
spk_ver/v04/v0465	SES099	-17.4177	-78.66	-61.2424
spk_ver/v04/v0466	SES099	-1.1352	-60.9645	-59.8293
spk_ver/v04/v0467	SES099	-1.84094	-62.6667	-60.8257
spk_ver/v04/v0468	SES129	1.85033	-59.2442	-61.0945
spk_ver/v04/v0469	SES101	0.0683784	-59.9691	-60.0375
spk_ver/v04/v0470	SES099	-12.2681	-74.8111	-62.543
spk_ver/v04/v0471	SES172	0.824917	-60.1196	-60.9445
spk_ver/v04/v0472	SES099	-0.329151	-60.5698	-60.2407
spk_ver/v04/v0473	SES270	2.43399	-58.1348	-60.5688
spk_ver/v04/v0474	SES099	-7.1351	-68.3447	-61.2096
spk_ver/v04/v0475	SES099	-7.07253	-67.4179	-60.3454
spk_ver/v04/v0476	SES099	-3.74459	-67.5156	-63.771
spk_ver/v04/v0477	SES002	2.14571	-56.862	-59.0077
spk_ver/v04/v0478	SES099	-0.298336	-60.6124	-60.3141
spk_ver/v04/v0479	SES007	-1.52437	-63.038	-61.5136
spk_ver/v04/v0480	SES101	-6.1956	-65.0229	-58.8273
spk_ver/v04/v0481	SES101	-6.4478	-69.6286	-63.1808
spk_ver/v04/v0482	SES175	0.855362	-60.9272	-61.7825
spk_ver/v04/v0483	SES101	-2.82084	-64.4787	-61.6578
spk_ver/v04/v0484	SES101	-6.02632	-64.7253	-58.6989
spk_ver/v04/v0485	SES101	-5.16178	-67.467	-62.3052
spk_ver/v04/v0486	SES101	-1.91277	-65.3793	-63.4666
spk_ver/v04/v0487	SES101	-3.57558	-65.6364	-62.0608
spk_ver/v04/v0488	SES101	-6.78311	-67.3784	-60.5953
spk_ver/v04/v0489	SES147	1.09249	-63.1906	-64.2831
spk_ver/v04/v0490	SES085	-0.193901	-61.9099	-61.716
spk_ver/v04/v0491	SES101	-3.533	-66.3638	-62.8308
spk_ver/v04/v0492	SES101	-5.86077	-68.925	-63.0642
spk_ver/v04/v0493	SES101	-5.06042	-63.8042	-58.7438
spk_ver/v04/v0494	SES101	-3.63178	-67.5832	-63.9514
spk_ver/v04/v0495	SES101	-1.87147	-61.0747	-59.2032
spk_ver/v04/v0496	SES101	-4.81983	-66.6921	-61.8723
spk_ver/v04/v0497	SES014	1.58235	-56.8215	-58.4039
spk_ver/v04/v0498	SES101	-3.96769	-65.5843	-61.6166
spk_ver/v04/v0499	SES101	-2.08661	-62.3521	-60.2655
spk_ver/v05/v0500	SES085	0.210957	-59.4799	-59.6909
spk_ver/v05/v0501	SES101	-7.055	-67.5098	-60.4548
spk_ver/v05/v0502	SES275	0.719513	-60.4603	-61.1798
spk_ver/v05/v0503	SES117	0.91016	-61.7106	-62.6207
spk_ver/v05/v0504	SES101	-6.00261	-65.8439	-59.8413
spk_ver/v05/v0505	SES101	-2.49501	-63.5897	-61.0947
spk_ver/v05/v0506	SES101	-2.5236	-64.4641	-61.9405
spk_ver/v05/v0507	SES048	1.0769	-58.646	-59.7229
spk_ver/v05/v0508	SES117	0.454617	-63.0145	-63.4691
spk_ver/v05/v0509	SES202	2.49051	-57.9811	-60.4716
spk_ver/v05/v0510	SES104	-2.64625	-65.5636	-62.9174
spk_ver/v05/v0511	SES008	-0.267178	-62.4081	-62.1409
spk_ver/v05/v0512	SES104	-1.75591	-62.9834	-61.2275
spk_ver/v05/v0513	SES104	-1.43061	-60.8649	-59.4343
spk_ver/v05/v0514	SES104	-13.4216	-73.0853	-59.6637
spk_ver/v05/v0515	SES104	-19.5917	-81.2336	-61.6419
spk_ver/v05/v0516	SES104	-2.23675	-65.0714	-62.8346
spk_ver/v05/v0517	SES060	0.483814	-58.5163	-59.0001
spk_ver/v05/v0518	SES104	-19.5422	-82.6313	-63.0891
spk_ver/v05/v0519	SES104	-20.2419	-82.8339	-62.592
spk_ver/v05/v0520	SES104	-0.864208	-59.8412	-58.9769
spk_ver/v05/v0521	SES008	0.671314	-58.6606	-59.3319
spk_ver/v05/v0522	SES068	0.976139	-59.896	-60.8721
spk_ver/v05/v0523	SES087	1.72204	-57.891	-59.613
spk_ver/v05/v0524	SES104	-2.26702	-63.2971	-61.0301
spk_ver/v05/v0525	SES104	-1.97029	-61.6945	-59.7242
spk_ver/v05/v0526	SES104	-2.22199	-63.2614	-61.0394
spk_ver/v05/v0527	SES083	0.622906	-59.6821	-60.305
spk_ver/v05/v0528	SES148	1.21244	-60.1432	-61.3557
spk_ver/v05/v0529	SES104	-3.58393	-64.6965	-61.1126
spk_ver/v05/v0530	SES104	-14.1044	-74.9596	-60.8552
spk_ver/v05/v0531	SES125	1.25126	-58.9135	-60.1647
spk_ver/v05/v0532	SES104	-19.8616	-81.147	-61.2854
spk_ver/v05/v0533	SES149	2.89801	-56.9226	-59.8206
spk_ver/v05/v0534	SES104	-17.634	-78.3675	-60.7336
spk_ver/v05/v0535	SES187	0.472931	-61.3752	-61.8481
spk_ver/v05/v0536	SES104	-2.86586	-62.9635	-60.0976
spk_ver/v05/v0537	SES104	-2.65606	-63.4321	-60.776
spk_ver/v05/v0538	SES167	1.41887	-59.7	-61.1188
spk_ver/v05/v0539	SES104	-2.38541	-65.6081	-63.2227
spk_ver/v05/v0540	SES104	-16.0244	-75.0087	-58.9844
spk_ver/v05/v0541	SES183	1.25905	-61.8432	-63.1022
spk_ver/v05/v0542	SES104	-1.56148	-62.3233	-60.7618
spk_ver/v05/v0543	SES104	-17.1147	-78.2681	-61.1534
spk_ver/v05/v0544	SES105	-4.67434	-66.1767	-61.5024
spk_ver/v05/v0545	SES105	-3.07451	-64.8089	-61.7344
spk_ver/v05/v0546	SES105	-3.83545	-64.4168	-60.5814
spk_ver/v05/v0547	SES105	-4.24301	-66.9985	-62.7555
spk_ver/v05/v0548	SES019	2.97594	-58.561	-61.537
spk_ver/v05/v0549	SES105	-3.2863	-64.6455	-61.3592
spk_ver/v05/v0550	SES105	-3.53472	-66.018	-62.4833
spk_ver/v05/v0551	SES202	2.35998	-60.3759	-62.7359
spk_ver/v05/v0552	SES105	-5.92931	-67.3826	-61.4533
spk_ver/v05/v0553	SES105	-0.971554	-62.0023	-61.0307
spk_ver/v05/v0554	SES105	-2.53696	-62.7384	-60.2014
spk_ver/v05/v0555	SES105	-2.83538	-64.1728	-61.3374
spk_ver/v05/v0556	SES082	0.438614	-59.518	-59.9566
spk_ver/v05/v0557	SES105	-3.86722	-64.0533	-60.1861
spk_ver/v05/v0558	SES014	1.30508	-57.6296	-58.9347
spk_ver/v05/v0559	SES105	-2.59164	-63.2273	-60.6356
spk_ver/v05/v0560	SES177	-0.150879	-61.2245	-61.0737
spk_ver/v05/v0561	SES189	5.64125	-64.5504	-70.1917
spk_ver/v05/v0562	SES105	-3.39898	-66.5101	-63.1111
spk_ver/v05/v0563	SES099	1.52122	-60.2566	-61.7779
spk_ver/v05/v0564	SES105	-3.60456	-64.5193	-60.9147
spk_ver/v05/v0565	SES105	-4.23773	-64.9956	-60.7578
spk_ver/v05/v0566	SES105	-3.76696	-65.7678	-62.0009
spk_ver/v05/v0567	SES142	2.47109	-60.0377	-62.5088
spk_ver/v05/v0568	SES048	0.895012	-59.9237	-60.8187
spk_ver/v05/v0569	SES105	-4.09607	-63.937	-59.8409
spk_ver/v05/v0570	SES105	-1.89061	-62.3987	-60.5081
spk_ver/v05/v0571	SES105	-4.99478	-66.8518	-61.857
spk_ver/v05/v0572	SES105	-4.23999	-67.0487	-62.8087
spk_ver/v05/v0573	SES105	-5.17721	-65.7369	-60.5597
spk_ver/v05/v0574	SES105	-2.16024	-63.35	-61.1898
spk_ver/v05/v0575	SES105	-3.44751	-65.6308	-62.1833
spk_ver/v05/v0576	SES106	-15.6422	-78.0851	-62.4429
spk_ver/v05/v0577	SES106	-6.50224	-69.9386	-63.4364
spk_ver/v05/v0578	SES106	-11.2417	-72.1019	-60.8602
spk_ver/v05/v0579	SES106	-13.4513	-74.0368	-60.5855
spk_ver/v05/v0580	SES106	-1.94395	-61.2839	-59.3399
spk_ver/v05/v0581	SES106	-18.3283	-80.4847	-62.1563
spk_ver/v05/v0582	SES106	-3.06066	-65.0363	-61.9757
spk_ver/v05/v0583	SES106	-1.41331	-60.3803	-58.967
spk_ver/v05/v0584	SES106	-14.607	-76.0642	-61.4572
spk_ver/v05/v0585	SES106	-1.63316	-64.7421	-63.1089
spk_ver/v05/v0586	SES106	-12.5775	-74.0343	-61.4568
spk_ver/v05/v0587	SES106	-5.50559	-67.4052	-61.8996
spk_ver/v05/v0588	SES106	-10.9654	-71.0224	-60.057
spk_ver/v05/v0589	SES106	-14.1905	-73.6445	-59.454
spk_ver/v05/v0590	SES082	1.33501	-59.3345	-60.6696
spk_ver/v05/v0591	SES180	0.69598	-61.0239	-61.7199
spk_ver/v05/v0592	SES106	-1.79356	-62.42	-60.6264
spk_ver/v05/v0593	SES106	-19.3274	-81.823	-62.4957
spk_ver/v05/v0594	SES292	1.33611	-59.7153	-61.0515
spk_ver/v05/v0595	SES106	-1.64036	-62.3287	-60.6883
spk_ver/v05/v0596	SES106	-15.6942	-77.6171	-61.9229
spk_ver/v05/v0597	SES106	-13.5212	-74.9318	-61.4106
spk_ver/v05/v0598	SES042	2.05534	-57.5895	-59.6448
spk_ver/v05/v0599	SES106	-14.1384	-76.2376	-62.0992
spk_ver/v06/v0600	SES106	-0.641197	-61.6711	-61.0299
spk_ver/v06/v0601	SES106	-2.58099	-63.9607	-61.3797
spk_ver/v06/v0602	SES106	-8.02926	-69.1834	-61.1542
spk_ver/v06/v0603	SES106	-16.0158	-77.9716	-61.9558
spk_ver/v06/v0604	SES106	-11.9863	-72.7331	-60.7468
spk_ver/v06/v0605	SES106	-16.2551	-80.5185	-64.2634
spk_ver/v06/v0606	SES048	2.26102	-58.0513	-60.3123
spk_ver/v06/v0607	SES167	1.78516	-58.3241	-60.1092
spk_ver/v06/v0608	SES106	-11.6543	-73.1032	-61.4489
spk_ver/v06/v0609	SES143	-0.0490913	-61.1901	-61.141
spk_ver/v06/v0610	SES106	-22.2233	-86.3966	-64.1733
spk_ver/v06/v0611	SES106	-8.69368	-70.9947	-62.3011
spk_ver/v06/v0612	SES106	-21.0338	-83.4526	-62.4187
spk_ver/v06/v0613	SES117	-0.686829	-61.999	-61.3122
spk_ver/v06/v0614	SES117	-6.29697	-66.784	-60.487
spk_ver/v06/v0615	SES117	-1.88573	-63.4782	-61.5925
spk_ver/v06/v0616	SES106	1.9552	-56.5563	-58.5115
spk_ver/v06/v0617	SES142	3.52468	-59.9662	-63.4909
spk_ver/v06/v0618	SES048	1.77413	-58.3696	-60.1437
spk_ver/v06/v0619	SES175	1.67397	-60.3259	-61.9998
spk_ver/v06/v0620	SES180	0.406898	-60.1541	-60.561
spk_ver/v06/v0621	SES117	-0.548313	-63.4947	-62.9464
spk_ver/v06/v0622	SES029	-0.374043	-61.8234	-61.4494
spk_ver/v06/v0623	SES117	-1.38568	-61.6824	-60.2967
spk_ver/v06/v0624	SES117	-4.64393	-65.9734	-61.3294
spk_ver/v06/v0625	SES117	-1.96145	-66.1153	-64.1539
spk_ver/v06/v0626	SES106	2.14548	-58.2777	-60.4232
spk_ver/v06/v0627	SES226	2.12148	-57.8875	-60.009
spk_ver/v06/v0628	SES117	-0.347992	-61.8686	-61.5206
spk_ver/v06/v0629	SES117	-2.92913	-60.7205	-57.7914
spk_ver/v06/v0630	SES117	-5.20918	-66.1526	-60.9434
spk_ver/v06/v0631	SES117	-4.78107	-67.9163	-63.1353
spk_ver/v06/v0632	SES117	-1.7132	-61.8539	-60.1407
spk_ver/v06/v0633	SES099	1.99424	-58.0178	-60.0121
spk_ver/v06/v0634	SES105	1.4954	-60.0165	-61.5119
spk_ver/v06/v0635	SES167	0.244942	-61.3318	-61.5768
spk_ver/v06/v0636	SES117	-0.896282	-61.1229	-60.2266
spk_ver/v06/v0637	SES202	2.41785	-59.3288	-61.7466
spk_ver/v06/v0638	SES117	-3.57263	-64.2298	-60.6571
spk_ver/v06/v0639	SES167	1.18871	-59.9025	-61.0912
spk_ver/v06/v0640	SES117	-2.88553	-64.5333	-61.6477
spk_ver/v06/v0641	SES117	-3.35493	-63.1151	-59.7602
spk_ver/v06/v0642	SES101	1.07876	-58.619	-59.6978
spk_ver/v06/v0643	SES068	0.82486	-59.7981	-60.623
spk_ver/v06/v0644	SES120	-4.40949	-66.8077	-62.3982
spk_ver/v06/v0645	SES120	-2.08413	-65.4336	-63.3495
spk_ver/v06/v0646	SES172	0.872105	-60.7201	-61.5922
spk_ver/v06/v0647	SES120	-2.97435	-62.9443	-59.97
spk_ver/v06/v0648	SES120	-1.04427	-61.2208	-60.1766
spk_ver/v06/v0649	SES120	-3.51455	-66.1467	-62.6322
spk_ver/v06/v0650	SES087	1.80219	-58.7131	-60.5153
spk_ver/v06/v0651	SES120	-2.91405	-63.9908	-61.0768
spk_ver/v06/v0652	SES104	-1.32526	-63.4964	-62.1712
spk_ver/v06/v0653	SES129	1.86096	-58.491	-60.3519
spk_ver/v06/v0654	SES120	-3.12263	-64.1098	-60.9872
spk_ver/v06/v0655	SES120	-2.53656	-64.0223	-61.4858
spk_ver/v06/v0656	SES120	-1.83012	-62.5637	-60.7336
spk_ver/v06/v0657	SES147	1.4227	-61.7758	-63.1985
spk_ver/v06/v0658	SES120	-3.85227	-65.1638	-61.3116
spk_ver/v06/v0659	SES120	-2.8306	-62.8203	-59.9897
spk_ver/v06/v0660	SES120	-1.42062	-62.303	-60.8824
spk_ver/v06/v0661	SES120	-3.9198	-66.2091	-62.2893
spk_ver/v06/v0662	SES120	-2.34985	-64.0698	-61.7199
spk_ver/v06/v0663	SES120	-3.19106	-66.4636	-63.2725
spk_ver/v06/v0664	SES147	1.9939	-60.4306	-62.4245
spk_ver/v06/v0665	SES162	1.23184	-60.9242	-62.1561
spk_ver/v06/v0666	SES120	-2.1784	-62.3401	-60.1617
spk_ver/v06/v0667	SES120	-3.63507	-64.5385	-60.9034
spk_ver/v06/v0668	SES120	1.58483	-59.4706	-61.0554
spk_ver/v06/v0669	SES142	2.67469	-59.0913	-61.766
spk_ver/v06/v0670	SES106	1.77951	-58.1881	-59.9676
spk_ver/v06/v0671	SES183	1.9518	-60.3181	-62.2699
spk_ver/v06/v0672	SES120	-2.86386	-63.6909	-60.8271
spk_ver/v06/v0673	SES029	0.0172844	-61.7164	-61.7337
spk_ver/v06/v0674	SES120	-2.47596	-64.2126	-61.7366
spk_ver/v06/v0675	SES008	1.73265	-58.7867	-60.5194
spk_ver/v06/v0676	SES125	-16.6368	-79.9159	-63.2791
spk_ver/v06/v0677	SES143	0.762138	-61.4133	-62.1754
spk_ver/v06/v0678	SES125	-14.9567	-78.2211	-63.2644
spk_ver/v06/v0679	SES162	-0.052639	-61.0828	-61.0301
spk_ver/v06/v0680	SES125	-7.86863	-68.7115	-60.8428
spk_ver/v06/v0681	SES125	-3.45214	-63.4319	-59.9797
spk_ver/v06/v0682	SES125	-11.8082	-70.8603	-59.052
spk_ver/v06/v0683	SES226	1.73497	-58.8131	-60.5481
spk_ver/v06/v0684	SES125	-13.4627	-75.5131	-62.0504
spk_ver/v06/v0685	SES125	-18.4992	-79.4643	-60.9651
spk_ver/v06/v0686	SES120	1.07127	-59.443	-60.5142
spk_ver/v06/v0687	SES125	-3.73689	-67.1584	-63.4215
spk_ver/v06/v0688	SES158	1.35574	-58.9853	-60.341
spk_ver/v06/v0689	SES125	-8.4761	-71.7902	-63.3141
spk_ver/v06/v0690	SES105	1.53019	-59.7269	-61.2571
spk_ver/v06/v0691	SES125	-1.56399	-62.4109	-60.8469
spk_ver/v06/v0692	SES125	-3.19061	-63.0306	-59.84
spk_ver/v06/v0693	SES180	1.65175	-59.5592	-61.211
spk_ver/v06/v0694	SES125	-25.0547	-87.2041	-62.1494
spk_ver/v06/v0695	SES125	-5.06127	-65.4206	-60.3594
spk_ver/v06/v0696	SES125	-18.5943	-79.0728	-60.4785
spk_ver/v06/v0697	SES125	-20.2143	-83.2167	-63.0024
spk_ver/v06/v0698	SES083	0.380062	-59.5094	-59.8895
spk_ver/v06/v0699	SES125	-15.9493	-77.3782	-61.4289
spk_ver/v07/v0700	SES014	1.78548	-57.6949	-59.4804
spk_ver/v07/v0701	SES125	-10.0221	-69.7814	-59.7593
spk_ver/v07/v0702	SES127	-1.51287	-62.3401	-60.8272
spk_ver/v07/v0703	SES127	-3.18126	-66.0314	-62.8502
spk_ver/v07/v0704	SES206	1.54579	-57.6498	-59.1956
spk_ver/v07/v0705	SES127	-2.71226	-64.6529	-61.9407
spk_ver/v07/v0706	SES127	-4.94644	-66.1181	-61.1717
spk_ver/v07/v0707	SES127	-5.67251	-65.8573	-60.1848
spk_ver/v07/v0708	SES275	0.619888	-60.3609	-60.9808
spk_ver/v07/v0709	SES127	-3.76479	-65.8988	-62.134
spk_ver/v07/v0710	SES105	0.856106	-61.0385	-61.8947
spk_ver/v07/v0711	SES127	-3.8568	-65.7733	-61.9165
spk_ver/v07/v0712	SES127	-2.60699	-63.6031	-60.9961
spk_ver/v07/v0713	SES127	-5.87561	-67.6518	-61.7762
spk_ver/v07/v0714	SES019	3.67603	-57.791	-61.467
spk_ver/v07/v0715	SES127	-3.28675	-66.9569	-63.6702
spk_ver/v07/v0716	SES148	0.832676	-59.9925	-60.8252
spk_ver/v07/v0717	SES162	1.41527	-59.6371	-61.0523
spk_ver/v07/v0718	SES189	1.91975	-61.5916	-63.5113
spk_ver/v07/v0719	SES149	0.135162	-59.3419	-59.4771
spk_ver/v07/v0720	SES175	0.891354	-60.5572	-61.4486
spk_ver/v07/v0721	SES127	-6.01158	-66.6732	-60.6616
spk_ver/v07/v0722	SES127	-3.65275	-65.9367	-62.2839
spk_ver/v07/v0723	SES127	-2.96189	-64.2867	-61.3248
spk_ver/v07/v0724	SES127	-4.83778	-66.0208	-61.183
spk_ver/v07/v0725	SES127	-4.02816	-65.6146	-61.5864
spk_ver/v07/v0726	SES259	2.03004	-57.5254	-59.5554
spk_ver/v07/v0727	SES127	-4.26557	-67.6029	-63.3373
spk_ver/v07/v0728	SES127	-1.90476	-61.2451	-59.3403
spk_ver/v07/v0729	SES127	-6.93982	-68.1092	-61.1693
spk_ver/v07/v0730	SES127	-3.70768	-66.4733	-62.7656
spk_ver/v07/v0731	SES129	-2.49072	-61.8009	-59.3102
spk_ver/v07/v0732	SES129	-4.74501	-66.6364	-61.8914
spk_ver/v07/v0733	SES129	-9.44853	-73.7374	-64.2889
spk_ver/v07/v0734	SES129	-15.0704	-78.6956	-63.6252
spk_ver/v07/v0735	SES183	1.37062	-60.1449	-61.5155
spk_ver/v07/v0736	SES129	-4.13287	-66.1472	-62.0143
spk_ver/v07/v0737	SES129	-4.6983	-67.4639	-62.7656
spk_ver/v07/v0738	SES129	-6.6963	-67.4883	-60.792
spk_ver/v07/v0739	SES129	-7.13425	-69.143	-62.0088
spk_ver/v07/v0740	SES167	-0.218067	-61.1183	-60.9002
spk_ver/v07/v0741	SES129	-6.05273	-68.7349	-62.6821
spk_ver/v07/v0742	SES129	-4.10523	-63.2326	-59.1273
spk_ver/v07/v0743	SES129	-3.55897	-65.1685	-61.6095
spk_ver/v07/v0744	SES129	-7.22142	-70.6006	-63.3792
spk_ver/v07/v0745	SES180	0.941967	-60.3208	-61.2627
spk_ver/v07/v0746	SES129	-2.06765	-61.9469	-59.8792
spk_ver/v07/v0747	SES292	0.384689	-59.9231	-60.3078
spk_ver/v07/v0748	SES202	1.71671	-60.1373	-61.854
spk_ver/v07/v0749	SES270	1.11561	-58.8623	-59.9779
spk_ver/v07/v0750	SES129	-5.37254	-65.1607	-59.7882
spk_ver/v07/v0751	SES129	-5.01266	-64.1204	-59.1078
spk_ver/v07/v0752	SES060	-0.202267	-61.6047	-61.4024
spk_ver/v07/v0753	SES129	-5.34533	-67.6775	-62.3321
spk_ver/v07/v0754	SES129	-12.661	-77.9435	-65.2825
spk_ver/v07/v0755	SES129	-5.74675	-68.9495	-63.2027
spk_ver/v07/v0756	SES175	1.15387	-61.0477	-62.2016
spk_ver/v07/v0757	SES129	-5.45211	-66.7165	-61.2644
spk_ver/v07/v0758	SES129	-5.93053	-67.5572	-61.6267
spk_ver/v07/v0759	SES129	-4.80539	-64.0941	-59.2887
spk_ver/v07/v0760	SES129	-4.913	-65.5245	-60.6115
spk_ver/v07/v0761	SES129	-3.91309	-62.1568	-58.2437
spk_ver/v07/v0762	SES172	0.990715	-60.3906	-61.3813
spk_ver/v07/v0763	SES129	-5.90242	-68.4135	-62.5111
spk_ver/v07/v0764	SES129	-7.18429	-68.0599	-60.8756
spk_ver/v07/v0765	SES175	1.23768	-61.2472	-62.4849
spk_ver/v07/v0766	SES129	-5.65445	-64.8509	-59.1964
spk_ver/v07/v0767	SES129	-4.30655	-65.8196	-61.5131
spk_ver/v07/v0768	SES042	2.27608	-57.3003	-59.5764
spk_ver/v07/v0769	SES099	1.52329	-59.3422	-60.8655
spk_ver/v07/v0770	SES142	-6.19575	-68.541	-62.3452
spk_ver/v07/v0771	SES142	-6.07257	-66.8292	-60.7566
spk_ver/v07/v0772	SES101	0.157082	-60.1599	-60.317
spk_ver/v07/v0773	SES142	-11.1956	-72.5415	-61.3459
spk_ver/v07/v0774	SES142	-5.86019	-68.8472	-62.987
spk_ver/v07/v0775	SES142	-3.645	-65.7007	-62.0557
spk_ver/v07/v0776	SES142	-5.49968	-65.1668	-59.6671
spk_ver/v07/v0777	SES142	-4.8829	-66.2325	-61.3496
spk_ver/v07/v0778	SES142	-2.63607	-65.5026	-62.8665
spk_ver/v07/v0779	SES142	-10.8122	-70.7381	-59.9259
spk_ver/v07/v0780	SES142	-5.39316	-68.1307	-62.7375
spk_ver/v07/v0781	SES142	-9.05294	-69.4225	-60.3695
spk_ver/v07/v0782	SES101	0.933788	-60.1782	-61.112
spk_ver/v07/v0783	SES142	-5.62748	-67.3221	-61.6946
spk_ver/v07/v0784	SES187	2.06781	-59.126	-61.1938
spk_ver/v07/v0785	SES143	0.464874	-62.4673	-62.9322
spk_ver/v07/v0786	SES142	-4.24414	-65.8402	-61.5961
spk_ver/v07/v0787	SES144	0.523304	-60.53	-61.0533
spk_ver/v07/v0788	SES275	0.387783	-61.317	-61.7048
spk_ver/v07/v0789	SES142	-4.53551	-65.7585	-61.223
spk_ver/v07/v0790	SES099	1.70804	-57.7354	-59.4435
spk_ver/v07/v0791	SES142	-9.59908	-71.376	-61.7769
spk_ver/v07/v0792	SES142	-4.95708	-63.2992	-58.3421
spk_ver/v07/v0793	SES142	-8.66478	-70.3524	-61.6876
spk_ver/v07/v0794	SES014	1.36085	-57.581	-58.9419
spk_ver/v07/v0795	SES142	-7.373	-67.3472	-59.9742
spk_ver/v07/v0796	SES142	-6.76934	-66.7129	-59.9436
spk_ver/v07/v0797	SES143	-1.51484	-61.8463	-60.3315
spk_ver/v07/v0798	SES206	1.73869	-56.7578	-58.4965
spk_ver/v07/v0799	SES143	-6.58189	-68.961	-62.3791
spk_ver/v08/v0800	SES143	-2.25583	-64.1614	-61.9056
spk_ver/v08/v0801	SES143	-1.50731	-61.5792	-60.0719
spk_ver/v08/v0802	SES143	-3.99175	-65.762	-61.7703
spk_ver/v08/v0803	SES143	-5.70816	-66.2573	-60.5492
spk_ver/v08/v0804	SES143	-4.8609	-66.8141	-61.9532
spk_ver/v08/v0805	SES143	-5.07454	-66.8043	-61.7298
spk_ver/v08/v0806	SES143	-3.394	-67.1916	-63.7976
spk_ver/v08/v0807	SES177	-0.266342	-60.7614	-60.495
spk_ver/v08/v0808	SES149	1.48799	-58.5396	-60.0276
spk_ver/v08/v0809	SES143	-7.70364	-67.5838	-59.8801
spk_ver/v08/v0810	SES158	1.90305	-59.4452	-61.3482
spk_ver/v08/v0811	SES143	-3.48572	-69.054	-65.5683
spk_ver/v08/v0812	SES062	1.00076	-58.4351	-59.4359
spk_ver/v08/v0813	SES259	1.94709	-57.4087	-59.3558
spk_ver/v08/v0814	SES143	-8.456	-66.7243	-58.2683
spk_ver/v08/v0815	SES143	-6.28066	-67.1133	-60.8326
spk_ver/v08/v0816	SES143	-2.59712	-63.4546	-60.8575
spk_ver/v08/v0817	SES144	0.588253	-61.2838	-61.872
spk_ver/v08/v0818	SES143	-2.2585	-64.0905	-61.832
spk_ver/v08/v0819	SES143	-2.39418	-63.611	-61.2169
spk_ver/v08/v0820	SES143	-1.0119	-60.1467	-59.1348
spk_ver/v08/v0821	SES143	-3.00243	-64.9348	-61.9323
spk_ver/v08/v0822	SES143	-5.34363	-65.7308	-60.3872
spk_ver/v08/v0823	SES104	1.19418	-58.818	-60.0122
spk_ver/v08/v0824	SES143	-3.79401	-64.668	-60.874
spk_ver/v08/v0825	SES143	-5.74344	-65.7458	-60.0024
spk_ver/v08/v0826	SES144	-5.33522	-65.6563	-60.3211
spk_ver/v08/v0827	SES144	-2.68008	-63.2788	-60.5987
spk_ver/v08/v0828	SES144	-1.16388	-60.9573	-59.7934
spk_ver/v08/v0829	SES172	0.628712	-60.6992	-61.3279
spk_ver/v08/v0830	SES144	-1.04872	-62.5231	-61.4743
spk_ver/v08/v0831	SES183	0.418163	-61.4584	-61.8766
spk_ver/v08/v0832	SES144	-3.65365	-66.1359	-62.4823
spk_ver/v08/v0833	SES144	-5.86256	-65.1471	-59.2845
spk_ver/v08/v0834	SES144	-1.55346	-63.3234	-61.77
spk_ver/v08/v0835	SES144	-2.91488	-64.696	-61.7812
spk_ver/v08/v0836	SES144	-2.84974	-63.9764	-61.1267
spk_ver/v08/v0837	SES144	-3.79157	-62.8389	-59.0473
spk_ver/v08/v0838	SES144	-3.19339	-65.9508	-62.7574
spk_ver/v08/v0839	SES085	0.481483	-60.2254	-60.7069
spk_ver/v08/v0840	SES144	-0.933357	-62.5381	-61.6047
spk_ver/v08/v0841	SES144	-5.01002	-68.1011	-63.091
spk_ver/v08/v0842	SES144	-5.43555	-65.0577	-59.6221
spk_ver/v08/v0843	SES144	-1.26437	-62.1877	-60.9233
spk_ver/v08/v0844	SES144	-3.50646	-63.5763	-60.0699
spk_ver/v08/v0845	SES144	-4.60007	-63.9372	-59.3371
spk_ver/v08/v0846	SES104	0.887867	-59.6659	-60.5537
spk_ver/v08/v0847	SES144	-2.86345	-64.7819	-61.9184
spk_ver/v08/v0848	SES144	-3.1282	-68.1231	-64.9949
spk_ver/v08/v0849	SES144	-6.76072	-66.5349	-59.7741
spk_ver/v08/v0850	SES144	-5.29681	-65.0865	-59.7897
spk_ver/v08/v0851	SES144	-2.11363	-62.6781	-60.5644
spk_ver/v08/v0852	SES144	-1.17011	-61.4829	-60.3128
spk_ver/v08/v0853	SES144	-5.43502	-64.7751	-59.3401
spk_ver/v08/v0854	SES144	-2.58007	-64.1125	-61.5324
spk_ver/v08/v0855	SES144	-0.541443	-60.1018	-59.5603
spk_ver/v08/v0856	SES082	-0.0987244	-63.4899	-63.3911
spk_ver/v08/v0857	SES142	2.16508	-59.5099	-61.675
spk_ver/v08/v0858	SES144	-1.08065	-64.4592	-63.3786
spk_ver/v08/v0859	SES144	-1.75577	-63.6638	-61.908
spk_ver/v08/v0860	SES146	-4.15454	-65.1568	-61.0023
spk_ver/v08/v0861	SES146	-4.15393	-64.9656	-60.8117
spk_ver/v08/v0862	SES146	-4.22464	-65.434	-61.2094
spk_ver/v08/v0863	SES146	-3.60812	-66.4522	-62.8441
spk_ver/v08/v0864	SES146	-4.49339	-63.499	-59.0056
spk_ver/v08/v0865	SES008	1.93873	-58.8575	-60.7963
spk_ver/v08/v0866	SES142	0.9282	-60.3612	-61.2894
spk_ver/v08/v0867	SES146	-2.56236	-61.938	-59.3756
spk_ver/v08/v0868	SES082	1.98977	-57.3377	-59.3275
spk_ver/v08/v0869	SES146	-1.56211	-61.5901	-60.028
spk_ver/v08/v0870	SES146	-3.70661	-66.1248	-62.4182
spk_ver/v08/v0871	SES146	-5.14998	-65.8837	-60.7337
spk_ver/v08/v0872	SES146	-4.54229	-67.0689	-62.5266
spk_ver/v08/v0873	SES082	1.36934	-57.6101	-58.9795
spk_ver/v08/v0874	SES146	-4.04329	-67.337	-63.2937
spk_ver/v08/v0875	SES144	-0.17799	-61.891	-61.713
spk_ver/v08/v0876	SES146	-2.59892	-60.1062	-57.5073
spk_ver/v08/v0877	SES146	-3.36605	-64.1101	-60.744
spk_ver/v08/v0878	SES146	-2.84623	-64.2037	-61.3574
spk_ver/v08/v0879	SES146	-4.57937	-66.0062	-61.4268
spk_ver/v08/v0880	SES146	-4.54739	-66.4808	-61.9334
spk_ver/v08/v0881	SES143	1.1898	-60.892	-62.0818
spk_ver/v08/v0882	SES146	-2.4489	-64.9277	-62.4788
spk_ver/v08/v0883	SES147	-5.61488	-65.647	-60.0321
spk_ver/v08/v0884	SES147	-0.845566	-61.9629	-61.1173
spk_ver/v08/v0885	SES016	0.358273	-60.3434	-60.7017
spk_ver/v08/v0886	SES147	-1.7323	-64.2876	-62.5553
spk_ver/v08/v0887	SES147	-3.25468	-64.7969	-61.5423
spk_ver/v08/v0888	SES147	-2.49137	-65.2551	-62.7637
spk_ver/v08/v0889	SES019	1.75349	-59.2994	-61.0529
spk_ver/v08/v0890	SES147	-3.87444	-66.7941	-62.9197
spk_ver/v08/v0891	SES147	-6.57484	-67.5041	-60.9292
spk_ver/v08/v0892	SES147	-3.1474	-65.1675	-62.0201
spk_ver/v08/v0893	SES270	2.08059	-59.8936	-61.9741
spk_ver/v08/v0894	SES029	0.149639	-61.1616	-61.3112
spk_ver/v08/v0895	SES147	-2.64902	-66.6249	-63.9759
spk_ver/v08/v0896	SES117	1.04928	-61.6202	-62.6695
spk_ver/v08/v0897	SES183	1.85167	-61.4434	-63.295
spk_ver/v08/v0898	SES147	-4.02014	-64.0356	-60.0155
spk_ver/v08/v0899	SES147	-3.80911	-67.321	-63.5119
spk_ver/v09/v0900	SES087	1.50373	-58.5043	-60.008
spk_ver/v09/v0901	SES147	-8.24651	-69.7205	-61.474
spk_ver/v09/v0902	SES147	-7.79352	-68.3176	-60.5241
spk_ver/v09/v0903	SES147	-2.02194	-63.9681	-61.9462
spk_ver/v09/v0904	SES147	-6.36876	-66.4156	-60.0468
spk_ver/v09/v0905	SES143	0.667885	-61.0907	-61.7586
spk_ver/v09/v0906	SES149	0.452209	-58.7875	-59.2397
spk_ver/v09/v0907	SES148	-1.57597	-62.1027	-60.5268
spk_ver/v09/v0908	SES148	-1.50968	-61.7048	-60.1951
spk_ver/v09/v0909	SES106	2.24135	-58.8804	-61.1217
spk_ver/v09/v0910	SES148	-2.56244	-65.3411	-62.7786
spk_ver/v09/v0911	SES148	-4.76768	-66.424	-61.6563
spk_ver/v09/v0912	SES142	0.793545	-60.8672	-61.6608
spk_ver/v09/v0913	SES148	-6.17155	-67.7019	-61.5304
spk_ver/v09/v0914	SES148	-4.19254	-65.7695	-61.577
spk_ver/v09/v0915	SES148	-4.11311	-67.6947	-63.5816
spk_ver/v09/v0916	SES148	-4.39647	-66.9442	-62.5477
spk_ver/v09/v0917	SES148	0.950474	-60.4186	-61.3691
spk_ver/v09/v0918	SES148	-1.03493	-61.4946	-60.4596
spk_ver/v09/v0919	SES270	1.01183	-59.8812	-60.8931
spk_ver/v09/v0920	SES148	-2.22638	-62.6003	-60.3739
spk_ver/v09/v0921	SES148	-3.93847	-64.9944	-61.0559
spk_ver/v09/v0922	SES129	0.956303	-59.228	-60.1843
spk_ver/v09/v0923	SES117	1.10085	-60.3934	-61.4942
spk_ver/v09/v0924	SES042	3.02061	-56.6143	-59.6349
spk_ver/v09/v0925	SES148	-4.27208	-66.8078	-62.5357
spk_ver/v09/v0926	SES148	-4.38028	-66.889	-62.5087
spk_ver/v09/v0927	SES144	0.692997	-60.5737	-61.2667
spk_ver/v09/v0928	SES007	0.267471	-61.1488	-61.4163
spk_ver/v09/v0929	SES148	-3.00312	-62.4225	-59.4194
spk_ver/v09/v0930	SES148	-1.41299	-62.0684	-60.6554
spk_ver/v09/v0931	SES148	-4.01625	-67.0219	-63.0056
spk_ver/v09/v0932	SES202	2.37067	-58.3471	-60.7177
spk_ver/v09/v0933	SES148	-1.01955	-61.4726	-60.453
spk_ver/v09/v0934	SES148	-4.05397	-63.5763	-59.5223
spk_ver/v09/v0935	SES060	1.17345	-58.806	-59.9795
spk_ver/v09/v0936	SES060	1.53144	-59.5655	-61.097
spk_ver/v09/v0937	SES148	-2.7044	-63.7235	-61.0191
spk_ver/v09/v0938	SES148	-3.48029	-65.2124	-61.7321
spk_ver/v09/v0939	SES148	-2.94868	-62.4816	-59.5329
spk_ver/v09/v0940	SES148	-3.18796	-62.5754	-59.3874
spk_ver/v09/v0941	SES149	-3.70696	-66.0153	-62.3083
spk_ver/v09/v0942	SES149	-11.409	-70.8555	-59.4465
spk_ver/v09/v0943	SES149	-10.7742	-72.7856	-62.0114
spk_ver/v09/v0944	SES149	-1.80023	-63.5812	-61.781
spk_ver/v09/v0945	SES105	0.405746	-60.2104	-60.6161
spk_ver/v09/v0946	SES149	-4.29464	-63.7616	-59.4669
spk_ver/v09/v0947	SES149	-12.0221	-74.9667	-62.9446
spk_ver/v09/v0948	SES149	-12.2509	-72.4842	-60.2332
spk_ver/v09/v0949	SES149	-7.74857	-66.6453	-58.8967
spk_ver/v09/v0950	SES226	1.41094	-57.9694	-59.3804
spk_ver/v09/v0951	SES149	-14.9952	-77.4873	-62.4921
spk_ver/v09/v0952	SES149	-3.96693	-64.976	-61.0091
spk_ver/v09/v0953	SES062	1.08951	-58.5158	-59.6053
spk_ver/v09/v0954	SES149	-14.369	-76.6646	-62.2956
spk_ver/v09/v0955	SES048	-0.122147	-59.7678	-59.6456
spk_ver/v09/v0956	SES158	-1.19412	-60.9994	-59.8052
spk_ver/v09/v0957	SES158	-9.06386	-73.4331	-64.3692
spk_ver/v09/v0958	SES158	-1.09551	-61.0071	-59.9116
spk_ver/v09/v0959	SES158	-2.19595	-62.5611	-60.3651
spk_ver/v09/v0960	SES158	-10.1343	-72.3344	-62.2001
spk_ver/v09/v0961	SES147	1.60168	-61.3863	-62.9879
spk_ver/v09/v0962	SES158	-15.2719	-77.8557	-62.5838
spk_ver/v09/v0963	SES292	0.588161	-60.1354	-60.7236
spk_ver/v09/v0964	SES060	1.06156	-59.3602	-60.4218
spk_ver/v09/v0965	SES002	1.19526	-59.0327	-60.2279
spk_ver/v09/v0966	SES149	1.5787	-58.0912	-59.6699
spk_ver/v09/v0967	SES158	-13.5427	-76.3369	-62.7941
spk_ver/v09/v0968	SES158	-2.71445	-63.9918	-61.2774
spk_ver/v09/v0969	SES275	-0.625824	-63.3647	-62.7389
spk_ver/v09/v0970	SES158	-11.4596	-71.8308	-60.3712
spk_ver/v09/v0971	SES158	-10.8932	-72.1833	-61.2902
spk_ver/v09/v0972	SES002	1.31759	-58.0258	-59.3434
spk_ver/v09/v0973	SES158	-14.211	-74.8259	-60.6149
spk_ver/v09/v0974	SES202	1.73327	-59.346	-61.0793
spk_ver/v09/v0975	SES158	-14.4292	-77.2044	-62.7752
spk_ver/v09/v0976	SES158	-0.300606	-60.4429	-60.1423
spk_ver/v09/v0977	SES162	-1.62962	-62.4462	-60.8165
spk_ver/v09/v0978	SES162	-7.94291	-69.6924	-61.7494
spk_ver/v09/v0979	SES162	-9.07286	-69.752	-60.6792
spk_ver/v09/v0980	SES162	-2.01138	-63.9368	-61.9254
spk_ver/v09/v0981	SES162	-4.24546	-66.9029	-62.6575
spk_ver/v09/v0982	SES259	2.28888	-57.3064	-59.5953
spk_ver/v09/v0983	SES162	-5.50248	-70.6408	-65.1383
spk_ver/v09/v0984	SES162	-2.46827	-62.2878	-59.8195
spk_ver/v09/v0985	SES162	-1.86407	-62.5867	-60.7226
spk_ver/v09/v0986	SES062	1.06924	-58.7913	-59.8605
spk_ver/v09/v0987	SES162	-0.966484	-62.3732	-61.4068
spk_ver/v09/v0988	SES162	-5.04911	-65.3432	-60.2941
spk_ver/v09/v0989	SES162	-5.83465	-68.652	-62.8174
spk_ver/v09/v0990	SES162	-3.70343	-65.2753	-61.5718
spk_ver/v09/v0991	SES087	1.90719	-58.4119	-60.3191
spk_ver/v09/v0992	SES120	-0.0152397	-62.0244	-62.0091
spk_ver/v09/v0993	SES162	-5.62934	-65.5559	-59.9265
spk_ver/v09/v0994	SES162	-2.46014	-63.2151	-60.755
spk_ver/v09/v0995	SES162	-5.51781	-64.3211	-58.8033
spk_ver/v09/v0996	SES162	-2.84831	-62.0367	-59.1884
spk_ver/v09/v0997	SES162	-8.36925	-68.6123	-60.2431
spk_ver/v09/v0998	SES162	-5.05364	-68.145	-63.0914
spk_ver/v09/v0999	SES162	-0.87339	-60.2845	-59.4111
spk_ver/v10/v1000	SES162	-5.17429	-65.3079	-60.1336
spk_ver/v10/v1001	SES148	1.01575	-61.0952	-62.111
spk_ver/v10/v1002	SES162	-0.783321	-63.182	-62.3987
spk_ver/v10/v1003	SES162	-2.48415	-64.0133	-61.5292
spk_ver/v10/v1004	SES162	-4.60812	-67.3218	-62.7137
spk_ver/v10/v1005	SES162	-6.22591	-68.1103	-61.8844
spk_ver/v10/v1006	SES162	-3.82847	-65.9475	-62.119
spk_ver/v10/v1007	SES162	-3.02227	-65.6663	-62.644
spk_ver/v10/v1008	SES162	-5.57682	-69.8564	-64.2796
spk_ver/v10/v1009	SES162	-6.05646	-65.6049	-59.5485
spk_ver/v10/v1010	SES167	-4.16071	-66.2705	-62.1098
spk_ver/v10/v1011	SES167	-1.09684	-62.8764	-61.7796
spk_ver/v10/v1012	SES167	-2.49191	-65.3583	-62.8664
spk_ver/v10/v1013	SES167	-8.07172	-68.6031	-60.5314
spk_ver/v10/v1014	SES167	-2.71656	-62.0896	-59.373
spk_ver/v10/v1015	SES167	-1.9547	-62.9411	-60.9864
spk_ver/v10/v1016	SES167	-1.69548	-62.9565	-61.261
spk_ver/v10/v1017	SES167	-1.4985	-62.6897	-61.1912
spk_ver/v10/v1018	SES167	-4.95118	-65.7376	-60.7865
spk_ver/v10/v1019	SES167	-3.7494	-64.7547	-61.0053
spk_ver/v10/v1020	SES167	-6.61586	-67.2503	-60.6344
spk_ver/v10/v1021	SES167	-1.77229	-65.8702	-64.0979
spk_ver/v10/v1022	SES167	-4.42001	-65.7428	-61.3228
spk_ver/v10/v1023	SES167	-3.5454	-67.1583	-63.6129
spk_ver/v10/v1024	SES167	-5.06868	-69.9053	-64.8366
spk_ver/v10/v1025	SES167	-2.26212	-61.9383	-59.6762
spk_ver/v10/v1026	SES167	-2.62183	-64.0486	-61.4268
spk_ver/v10/v1027	SES167	-1.98285	-62.1977	-60.2148
spk_ver/v10/v1028	SES167	-6.49575	-67.3602	-60.8644
spk_ver/v10/v1029	SES167	-4.23386	-65.8545	-61.6207
spk_ver/v10/v1030	SES167	-5.37885	-66.0002	-60.6214
spk_ver/v10/v1031	SES167	-6.77997	-66.8907	-60.1108
spk_ver/v10/v1032	SES167	-7.17033	-65.7824	-58.612
spk_ver/v10/v1033	SES167	-6.84043	-65.4991	-58.6586
spk_ver/v10/v1034	SES002	1.64437	-56.8674	-58.5118
spk_ver/v10/v1035	SES167	-2.81342	-63.0338	-60.2204
spk_ver/v10/v1036	SES083	0.4389	-60.0026	-60.4415
spk_ver/v10/v1037	SES167	-3.09919	-64.9424	-61.8432
spk_ver/v10/v1038	SES167	-2.36533	-67.0542	-64.6889
spk_ver/v10/v1039	SES167	-2.13208	-64.2076	-62.0756
spk_ver/v10/v1040	SES167	-7.20493	-70.2855	-63.0806
spk_ver/v10/v1041	SES167	-1.64417	-64.0109	-62.3668
spk_ver/v10/v1042	SES087	1.67099	-59.2626	-60.9336
spk_ver/v10/v1043	SES029	0.866535	-60.3213	-61.1878
spk_ver/v10/v1044	SES206	0.971729	-58.027	-58.9988
spk_ver/v10/v1045	SES172	-4.50561	-66.4912	-61.9856
spk_ver/v10/v1046	SES172	1.23833	-59.0129	-60.2513
spk_ver/v10/v1047	SES172	-3.6152	-64.5212	-60.906
spk_ver/v10/v1048	SES259	3.04295	-56.4281	-59.4711
spk_ver/v10/v1049	SES172	-5.45509	-64.3677	-58.9126
spk_ver/v10/v1050	SES120	0.83548	-61.4551	-62.2906
spk_ver/v10/v1051	SES172	-3.95903	-64.397	-60.438
spk_ver/v10/v1052	SES172	-5.8064	-67.8626	-62.0562
spk_ver/v10/v1053	SES172	-8.71653	-71.7772	-63.0607
spk_ver/v10/v1054	SES172	-5.47567	-67.6602	-62.1845
spk_ver/v10/v1055	SES189	3.18396	-62.4972	-65.6812
spk_ver/v10/v1056	SES172	-5.62534	-66.3324	-60.707
spk_ver/v10/v1057	SES172	-1.84826	-63.2963	-61.448
spk_ver/v10/v1058	SES172	-4.36425	-65.4565	-61.0922
spk_ver/v10/v1059	SES172	-2.66359	-63.3672	-60.7036
spk_ver/v10/v1060	SES029	0.0903206	-60.1538	-60.2441
spk_ver/v10/v1061	SES175	-9.89809	-71.2031	-61.305
spk_ver/v10/v1062	SES187	0.413818	-59.455	-59.8688
spk_ver/v10/v1063	SES019	2.82219	-59.2005	-62.0227
spk_ver/v10/v1064	SES175	-7.31317	-67.7888	-60.4757
spk_ver/v10/v1065	SES175	-8.21213	-68.299	-60.0869
spk_ver/v10/v1066	SES175	-8.93601	-71.5074	-62.5714
spk_ver/v10/v1067	SES175	-4.00046	-65.5218	-61.5213
spk_ver/v10/v1068	SES175	-7.56656	-69.1714	-61.6049
spk_ver/v10/v1069	SES016	2.18131	-58.6839	-60.8652
spk_ver/v10/v1070	SES175	-4.00335	-66.8695	-62.8661
spk_ver/v10/v1071	SES175	-3.34822	-62.5911	-59.2429
spk_ver/v10/v1072	SES175	-10.5198	-72.0629	-61.543
spk_ver/v10/v1073	SES029	-0.0918159	-61.111	-61.0192
spk_ver/v10/v1074	SES175	-5.87408	-66.6671	-60.793
spk_ver/v10/v1075	SES175	-1.72337	-61.4672	-59.7438
spk_ver/v10/v1076	SES175	-1.0344	-60.5258	-59.4914
spk_ver/v10/v1077	SES175	-8.23335	-67.3086	-59.0753
spk_ver/v10/v1078	SES127	0.883099	-58.2525	-59.1356
spk_ver/v10/v1079	SES175	-5.42623	-64.0615	-58.6352
spk_ver/v10/v1080	SES175	-1.70145	-64.1782	-62.4767
spk_ver/v10/v1081	SES175	-6.10701	-66.4519	-60.3449
spk_ver/v10/v1082	SES175	-5.46099	-65.2146	-59.7536
spk_ver/v10/v1083	SES007	0.984344	-60.336	-61.3204
spk_ver/v10/v1084	SES068	0.70126	-59.249	-59.9503
spk_ver/v10/v1085	SES008	0.980225	-58.5434	-59.5236
spk_ver/v10/v1086	SES175	-1.81707	-61.6886	-59.8716
spk_ver/v10/v1087	SES175	-5.79874	-67.1897	-61.391
spk_ver/v10/v1088	SES008	1.79741	-58.6423	-60.4397
spk_ver/v10/v1089	SES177	-3.88433	-62.7655	-58.8812
spk_ver/v10/v1090	SES177	-5.36902	-65.3624	-59.9934
spk_ver/v10/v1091	SES177	-6.80509	-68.45	-61.6449
spk_ver/v10/v1092	SES177	-1.39218	-62.4596	-61.0675
spk_ver/v10/v1093	SES177	-8.24821	-68.389	-60.1408
spk_ver/v10/v1094	SES002	1.84819	-57.3866	-59.2348
spk_ver/v10/v1095	SES104	0.68655	-59.066	-59.7525
spk_ver/v10/v1096	SES177	-1.88146	-63.0506	-61.1691
spk_ver/v10/v1097	SES177	-3.64248	-66.4705	-62.828
spk_ver/v10/v1098	SES177	-2.8119	-63.917	-61.1052
spk_ver/v10/v1099	SES177	-0.995888	-61.7621	-60.7662
spk_ver/v11/v1100	SES177	-6.86337	-67.515	-60.6517
spk_ver/v11/v1101	SES085	-0.437084	-60.8522	-60.4151
spk_ver/v11/v1102	SES187	0.780331	-60.2938	-61.0742
spk_ver/v11/v1103	SES177	-1.84753	-64.031	-62.1834
spk_ver/v11/v1104	SES177	0.862877	-59.211	-60.0739
spk_ver/v11/v1105	SES177	-1.13544	-61.1537	-60.0183
spk_ver/v11/v1106	SES177	-3.66805	-65.4817	-61.8137
spk_ver/v11/v1107	SES177	-1.56208	-62.2031	-60.6411
spk_ver/v11/v1108	SES177	-0.485958	-61.2907	-60.8047
spk_ver/v11/v1109	SES125	1.75572	-57.6875	-59.4432
spk_ver/v11/v1110	SES177	-5.02976	-64.891	-59.8613
spk_ver/v11/v1111	SES177	-2.72601	-62.9697	-60.2436
spk_ver/v11/v1112	SES177	-4.85537	-66.1603	-61.3049
spk_ver/v11/v1113	SES177	-7.60773	-66.7684	-59.1607
spk_ver/v11/v1114	SES177	-1.96734	-64.074	-62.1067
spk_ver/v11/v1115	SES177	-3.69129	-66.871	-63.1797
spk_ver/v11/v1116	SES085	0.75552	-58.5971	-59.3526
spk_ver/v11/v1117	SES147	1.27204	-60.9697	-62.2418
spk_ver/v11/v1118	SES177	-1.6424	-63.2698	-61.6274
spk_ver/v11/v1119	SES177	-5.00258	-65.8708	-60.8683
spk_ver/v11/v1120	SES180	-7.62571	-68.3772	-60.7515
spk_ver/v11/v1121	SES189	1.51063	-62.0018	-63.5124
spk_ver/v11/v1122	SES117	1.27762	-63.5161	-64.7937
spk_ver/v11/v1123	SES129	2.39764	-57.7129	-60.1106
spk_ver/v11/v1124	SES180	-3.19238	-64.993	-61.8007
spk_ver/v11/v1125	SES180	-1.52541	-61.5244	-59.999
spk_ver/v11/v1126	SES180	-1.72798	-62.2554	-60.5274
spk_ver/v11/v1127	SES180	-2.9438	-64.0167	-61.0729
spk_ver/v11/v1128	SES016	0.306656	-61.8623	-62.169
spk_ver/v11/v1129	SES158	1.04928	-58.701	-59.7503
spk_ver/v11/v1130	SES180	-3.99045	-64.9702	-60.9797
spk_ver/v11/v1131	SES180	-5.12346	-63.498	-58.3745
spk_ver/v11/v1132	SES180	-3.03357	-66.2238	-63.1902
spk_ver/v11/v1133	SES180	-5.22763	-64.8489	-59.6213
spk_ver/v11/v1134	SES180	-3.1316	-65.6957	-62.5641
spk_ver/v11/v1135	SES180	-2.63787	-62.2923	-59.6544
spk_ver/v11/v1136	SES180	-7.26218	-69.094	-61.8318
spk_ver/v11/v1137	SES148	0.602043	-59.647	-60.2491
spk_ver/v11/v1138	SES104	1.52449	-56.9055	-58.43
spk_ver/v11/v1139	SES180	-7.13447	-69.5121	-62.3777
spk_ver/v11/v1140	SES083	0.35218	-60.1018	-60.4539
spk_ver/v11/v1141	SES180	-5.78773	-66.3682	-60.5804
spk_ver/v11/v1142	SES180	-3.02918	-64.9284	-61.8992
spk_ver/v11/v1143	SES180	-3.31814	-66.4121	-63.094
spk_ver/v11/v1144	SES099	1.51469	-59.1044	-60.6191
spk_ver/v11/v1145	SES180	-3.46646	-65.0093	-61.5428
spk_ver/v11/v1146	SES183	-4.48848	-66.4747	-61.9862
spk_ver/v11/v1147	SES183	-1.9473	-62.3635	-60.4162
spk_ver/v11/v1148	SES183	-6.14053	-68.4574	-62.3168
spk_ver/v11/v1149	SES183	-7.55515	-66.7015	-59.1463
spk_ver/v11/v1150	SES183	-5.43274	-65.186	-59.7533
spk_ver/v11/v1151	SES082	1.14848	-58.6069	-59.7554
spk_ver/v11/v1152	SES183	-3.27353	-66.0121	-62.7386
spk_ver/v11/v1153	SES183	-2.68118	-63.441	-60.7598
spk_ver/v11/v1154	SES002	2.00774	-56.6081	-58.6158
spk_ver/v11/v1155	SES183	-4.54437	-67.5592	-63.0148
spk_ver/v11/v1156	SES183	-6.19382	-69.304	-63.1102
spk_ver/v11/v1157	SES183	-4.19282	-61.7187	-57.5259
spk_ver/v11/v1158	SES183	-0.995705	-61.4159	-60.4202
spk_ver/v11/v1159	SES183	-3.18311	-65.5062	-62.3231
spk_ver/v11/v1160	SES183	-5.60285	-66.0658	-60.4629
spk_ver/v11/v1161	SES183	-5.82249	-69.1517	-63.3292
spk_ver/v11/v1162	SES105	1.51457	-59.8454	-61.3599
spk_ver/v11/v1163	SES183	-6.65744	-66.4639	-59.8065
spk_ver/v11/v1164	SES259	1.98893	-57.8601	-59.849
spk_ver/v11/v1165	SES183	-4.20749	-67.1763	-62.9688
spk_ver/v11/v1166	SES183	-6.1963	-66.2893	-60.093
spk_ver/v11/v1167	SES183	-3.41286	-65.3989	-61.986
spk_ver/v11/v1168	SES183	-3.3372	-63.2204	-59.8832
spk_ver/v11/v1169	SES183	-7.09093	-66.9055	-59.8146
spk_ver/v11/v1170	SES183	-6.58125	-66.4208	-59.8395
spk_ver/v11/v1171	SES183	-8.36495	-70.5835	-62.2186
spk_ver/v11/v1172	SES187	-5.40897	-66.9733	-61.5643
spk_ver/v11/v1173	SES019	3.03315	-59.5986	-62.6318
spk_ver/v11/v1174	SES187	-6.46804	-68.7295	-62.2615
spk_ver/v11/v1175	SES187	-2.03457	-65.4476	-63.4131
spk_ver/v11/v1176	SES083	0.352623	-59.4037	-59.7563
spk_ver/v11/v1177	SES187	-6.87236	-69.4198	-62.5474
spk_ver/v11/v1178	SES187	-5.96553	-66.1703	-60.2048
spk_ver/v11/v1179	SES187	-2.45533	-64.0427	-61.5874
spk_ver/v11/v1180	SES187	-1.35946	-62.9878	-61.6283
spk_ver/v11/v1181	SES187	-7.99823	-67.8357	-59.8375
spk_ver/v11/v1182	SES187	-1.5261	-61.9756	-60.4495
spk_ver/v11/v1183	SES187	-5.81968	-67.7663	-61.9466
spk_ver/v11/v1184	SES187	-0.635838	-61.5988	-60.9629
spk_ver/v11/v1185	SES127	0.766235	-59.343	-60.1092
spk_ver/v11/v1186	SES187	-0.903137	-61.9644	-61.0613
spk_ver/v11/v1187	SES187	-3.40268	-62.9338	-59.5312
spk_ver/v11/v1188	SES187	-2.49147	-65.2231	-62.7317
spk_ver/v11/v1189	SES042	2.08255	-57.2746	-59.3572
spk_ver/v11/v1190	SES187	-1.63109	-62.3203	-60.6892
spk_ver/v11/v1191	SES187	-6.27501	-69.3437	-63.0687
spk_ver/v11/v1192	SES187	-4.66898	-65.6424	-60.9734
spk_ver/v11/v1193	SES183	0.930817	-61.1751	-62.1059
spk_ver/v11/v1194	SES187	-2.22002	-64.4283	-62.2083
spk_ver/v11/v1195	SES187	-7.17614	-68.1044	-60.9282
spk_ver/v11/v1196	SES146	1.14445	-61.3014	-62.4459
spk_ver/v11/v1197	SES189	-7.13404	-66.5943	-59.4603
spk_ver/v11/v1198	SES175	1.5432	-60.4836	-62.0268
spk_ver/v11/v1199	SES189	-5.04274	-68.3054	-63.2626
spk_ver/v12/v1200	SES189	-2.69106	-61.8003	-59.1093
spk_ver/v12/v1201	SES177	1.14607	-59.1693	-60.3154
spk_ver/v12/v1202	SES189	-1.87904	-64.3525	-62.4735
spk_ver/v12/v1203	SES143	0.154724	-61.4066	-61.5614
spk_ver/v12/v1204	SES189	-2.66362	-64.1564	-61.4928
spk_ver/v12/v1205	SES189	-2.20196	-62.28	-60.078
spk_ver/v12/v1206	SES189	-7.58768	-69.7557	-62.1681
spk_ver/v12/v1207	SES189	-4.65174	-65.7511	-61.0994
spk_ver/v12/v1208	SES189	-4.60772	-63.4777	-58.87
spk_ver/v12/v1209	SES189	-6.67781	-68.3843	-61.7064
spk_ver/v12/v1210	SES189	-0.154137	-62.0722	-61.9181
spk_ver/v12/v1211	SES062	1.60757	-58.5113	-60.1188
spk_ver/v12/v1212	SES189	-3.2196	-63.1671	-59.9475
spk_ver/v12/v1213	SES048	0.949604	-59.3637	-60.3133
spk_ver/v12/v1214	SES042	2.44569	-56.7449	-59.1906
spk_ver/v12/v1215	SES008	1.48491	-58.4965	-59.9814
spk_ver/v12/v1216	SES202	-5.8446	-63.9737	-58.1291
spk_ver/v12/v1217	SES202	-3.83196	-66.358	-62.526
spk_ver/v12/v1218	SES085	1.22704	-58.0108	-59.2379
spk_ver/v12/v1219	SES202	-4.53574	-65.1694	-60.6337
spk_ver/v12/v1220	SES202	-4.21868	-65.5054	-61.2867
spk_ver/v12/v1221	SES202	-2.20077	-64.5595	-62.3587
spk_ver/v12/v1222	SES202	-10.4851	-71.6298	-61.1447
spk_ver/v12/v1223	SES158	1.01892	-59.5252	-60.5441
spk_ver/v12/v1224	SES202	-2.84858	-65.3079	-62.4594
spk_ver/v12/v1225	SES202	-9.04038	-69.2736	-60.2332
spk_ver/v12/v1226	SES202	-6.38721	-67.9116	-61.5244
spk_ver/v12/v1227	SES202	-5.73739	-67.7203	-61.9829
spk_ver/v12/v1228	SES177	0.251911	-60.9112	-61.1631
spk_ver/v12/v1229	SES202	-6.61336	-67.9806	-61.3672
spk_ver/v12/v1230	SES202	-2.66703	-64.1249	-61.4579
spk_ver/v12/v1231	SES202	-6.26898	-69.2569	-62.988
spk_ver/v12/v1232	SES202	-2.98003	-66.8356	-63.8555
spk_ver/v12/v1233	SES206	1.09806	-57.5068	-58.6048
spk_ver/v12/v1234	SES202	-7.67055	-68.4508	-60.7803
spk_ver/v12/v1235	SES202	-6.05988	-65.9656	-59.9058
spk_ver/v12/v1236	SES125	2.22918	-58.5291	-60.7583
spk_ver/v12/v1237	SES127	0.947407	-59.4357	-60.3832
spk_ver/v12/v1238	SES202	2.62733	-58.0708	-60.6981
spk_ver/v12/v1239	SES167	1.17023	-58.9593	-60.1296
spk_ver/v12/v1240	SES206	-17.2329	-80.0003	-62.7674
spk_ver/v12/v1241	SES206	-17.8433	-80.2284	-62.3851
spk_ver/v12/v1242	SES206	-0.995544	-60.3268	-59.3313
spk_ver/v12/v1243	SES206	-3.12412	-63.8232	-60.6991
spk_ver/v12/v1244	SES259	1.87561	-58.6567	-60.5323
spk_ver/v12/v1245	SES206	-9.21779	-69.8812	-60.6634
spk_ver/v12/v1246	SES206	-10.2683	-70.7377	-60.4695
spk_ver/v12/v1247	SES206	-0.877029	-60.9295	-60.0525
spk_ver/v12/v1248	SES206	-20.9524	-83.6373	-62.6849
spk_ver/v12/v1249	SES270	2.23373	-58.9924	-61.2261
spk_ver/v12/v1250	SES206	-14.7768	-76.7636	-61.9868
spk_ver/v12/v1251	SES206	-9.34501	-69.4305	-60.0855
spk_ver/v12/v1252	SES206	-8.27427	-69.4553	-61.181
spk_ver/v12/v1253	SES206	-1.40572	-60.7104	-59.3047
spk_ver/v12/v1254	SES206	-1.79264	-61.7975	-60.0049
spk_ver/v12/v1255	SES125	1.7448	-58.4434	-60.1882
spk_ver/v12/v1256	SES206	-20.4098	-81.3177	-60.9079
spk_ver/v12/v1257	SES206	-12.165	-71.935	-59.77
spk_ver/v12/v1258	SES206	-2.16853	-62.7658	-60.5973
spk_ver/v12/v1259	SES206	-19.3149	-81.1347	-61.8198
spk_ver/v12/v1260	SES206	-24.0023	-86.569	-62.5667
spk_ver/v12/v1261	SES206	-13.6172	-74.498	-60.8807
spk_ver/v12/v1262	SES206	-19.0633	-80.4402	-61.3769
spk_ver/v12/v1263	SES206	-11.7487	-72.2827	-60.534
spk_ver/v12/v1264	SES149	0.751644	-59.7021	-60.4537
spk_ver/v12/v1265	SES206	-1.47393	-63.576	-62.102
spk_ver/v12/v1266	SES206	-22.7559	-84.4386	-61.6828
spk_ver/v12/v1267	SES206	-1.65242	-64.7104	-63.058
spk_ver/v12/v1268	SES206	-10.4352	-71.7592	-61.324
spk_ver/v12/v1269	SES206	-23.3707	-88.5921	-65.2214
spk_ver/v12/v1270	SES206	-27.6217	-91.7769	-64.1551
spk_ver/v12/v1271	SES226	-23.5994	-86.5491	-62.9497
spk_ver/v12/v1272	SES226	-0.988819	-59.6416	-58.6528
spk_ver/v12/v1273	SES226	-17.0746	-76.8939	-59.8193
spk_ver/v12/v1274	SES226	-14.5226	-76.4491	-61.9265
spk_ver/v12/v1275	SES226	-0.832905	-61.9361	-61.1032
spk_ver/v12/v1276	SES226	-14.3396	-75.8766	-61.537
spk_ver/v12/v1277	SES226	-1.10708	-61.0647	-59.9576
spk_ver/v12/v1278	SES226	-0.611763	-61.1313	-60.5195
spk_ver/v12/v1279	SES226	-12.9289	-72.7771	-59.8482
spk_ver/v12/v1280	SES226	-3.49305	-63.5691	-60.0761
spk_ver/v12/v1281	SES226	-1.00574	-62.2259	-61.2201
spk_ver/v12/v1282	SES226	-2.34044	-64.2988	-61.9584
spk_ver/v12/v1283	SES143	0.788765	-60.6713	-61.4601
spk_ver/v12/v1284	SES226	-8.81307	-68.4666	-59.6535
spk_ver/v12/v1285	SES226	-1.28666	-60.6962	-59.4095
spk_ver/v12/v1286	SES226	-2.85977	-65.1573	-62.2975
spk_ver/v12/v1287	SES226	-6.32321	-67.4509	-61.1277
spk_ver/v12/v1288	SES226	-13.1006	-72.9847	-59.8841
spk_ver/v12/v1289	SES104	1.07671	-59.8984	-60.9751
spk_ver/v12/v1290	SES008	2.16978	-59.8589	-62.0287
spk_ver/v12/v1291	SES226	-1.70324	-61.6277	-59.9245
spk_ver/v12/v1292	SES259	-4.84927	-65.9263	-61.077
spk_ver/v12/v1293	SES062	1.43683	-58.6643	-60.1012
spk_ver/v12/v1294	SES099	1.7634	-59.8264	-61.5898
spk_ver/v12/v1295	SES158	-0.0909767	-61.0569	-60.9659
spk_ver/v12/v1296	SES259	-10.7205	-70.4434	-59.7229
spk_ver/v12/v1297	SES259	-4.92646	-66.8325	-61.9061
spk_ver/v12/v1298	SES259	-3.2408	-62.1557	-58.9149
spk_ver/v12/v1299	SES259	-10.6519	-71.7694	-61.1176
spk_ver/v13/v1300	SES120	1.14702	-60.7377	-61.8848
spk_ver/v13/v1301	SES259	-14.47	-75.6427	-61.1727
spk_ver/v13/v1302	SES259	-13.547	-75.2534	-61.7064
spk_ver/v13/v1303	SES129	1.08174	-60.0815	-61.1632
spk_ver/v13/v1304	SES259	-11.4607	-73.6066	-62.146
spk_ver/v13/v1305	SES259	-8.38784	-71.6132	-63.2253
spk_ver/v13/v1306	SES106	1.18965	-59.3179	-60.5076
spk_ver/v13/v1307	SES259	-9.15574	-72.7303	-63.5746
spk_ver/v13/v1308	SES259	-2.43384	-62.6771	-60.2433
spk_ver/v13/v1309	SES259	-12.4249	-72.6983	-60.2733
spk_ver/v13/v1310	SES259	-9.31027	-69.1734	-59.8632
spk_ver/v13/v1311	SES259	-11.0098	-71.5484	-60.5386
spk_ver/v13/v1312	SES259	-3.61908	-62.3797	-58.7606
spk_ver/v13/v1313	SES144	0.490971	-60.423	-60.914
spk_ver/v13/v1314	SES259	-12.3048	-73.9687	-61.6639
spk_ver/v13/v1315	SES162	1.71812	-59.2904	-61.0085
spk_ver/v13/v1316	SES206	1.11834	-57.8616	-58.98
spk_ver/v13/v1317	SES175	1.89081	-60.6217	-62.5125
spk_ver/v13/v1318	SES259	-15.8384	-78.3887	-62.5503
spk_ver/v13/v1319	SES259	-16.4309	-78.6397	-62.2088
spk_ver/v13/v1320	SES270	-0.606911	-60.8121	-60.2052
spk_ver/v13/v1321	SES101	-0.288521	-60.4351	-60.1466
spk_ver/v13/v1322	SES177	1.29078	-59.0911	-60.3819
spk_ver/v13/v1323	SES127	1.35956	-58.0278	-59.3873
spk_ver/v13/v1324	SES270	-17.325	-79.2076	-61.8826
spk_ver/v13/v1325	SES062	0.789051	-59.2488	-60.0379
spk_ver/v13/v1326	SES270	-0.443867	-61.5646	-61.1207
spk_ver/v13/v1327	SES120	-0.149822	-62.6448	-62.495
spk_ver/v13/v1328	SES270	-5.80302	-69.2239	-63.4209
spk_ver/v13/v1329	SES270	-10.4712	-69.6898	-59.2186
spk_ver/v13/v1330	SES270	-0.667618	-62.6082	-61.9406
spk_ver/v13/v1331	SES270	-11.7634	-70.6872	-58.9238
spk_ver/v13/v1332	SES270	-0.914692	-59.5413	-58.6266
spk_ver/v13/v1333	SES270	-0.95541	-63.4689	-62.5135
spk_ver/v13/v1334	SES270	-3.23133	-64.0014	-60.77
spk_ver/v13/v1335	SES270	0.0077095	-60.3104	-60.3181
spk_ver/v13/v1336	SES270	-1.50361	-61.0829	-59.5793
spk_ver/v13/v1337	SES016	1.51336	-59.4635	-60.9768
spk_ver/v13/v1338	SES270	-9.41719	-69.3683	-59.9511
spk_ver/v13/v1339	SES002	1.42698	-57.8781	-59.3051
spk_ver/v13/v1340	SES105	1.83664	-61.0446	-62.8813
spk_ver/v13/v1341	SES275	-3.90779	-67.6752	-63.7675
spk_ver/v13/v1342	SES187	1.39814	-60.8419	-62.2401
spk_ver/v13/v1343	SES275	-5.14123	-67.2937	-62.1525
spk_ver/v13/v1344	SES275	-4.68598	-66.5558	-61.8699
spk_ver/v13/v1345	SES275	-4.14526	-64.6695	-60.5243
spk_ver/v13/v1346	SES275	-6.99612	-67.1108	-60.1147
spk_ver/v13/v1347	SES275	-6.38722	-68.8936	-62.5064
spk_ver/v13/v1348	SES180	-0.565781	-61.6348	-61.069
spk_ver/v13/v1349	SES275	-5.20302	-69.8066	-64.6036
spk_ver/v13/v1350	SES275	-2.19032	-61.9451	-59.7547
spk_ver/v13/v1351	SES275	-8.73019	-75.4381	-66.7079
spk_ver/v13/v1352	SES275	-2.21767	-63.8469	-61.6292
spk_ver/v13/v1353	SES275	-3.31911	-66.5851	-63.266
spk_ver/v13/v1354	SES189	2.63446	-62.1558	-64.7903
spk_ver/v13/v1355	SES068	0.58585	-59.3117	-59.8976
spk_ver/v13/v1356	SES275	-4.40465	-66.6902	-62.2855
spk_ver/v13/v1357	SES048	0.134415	-60.1871	-60.3215
spk_ver/v13/v1358	SES226	2.29139	-56.6233	-58.9147
spk_ver/v13/v1359	SES016	0.0853233	-60.3419	-60.4272
spk_ver/v13/v1360	SES275	-4.26947	-66.663	-62.3936
spk_ver/v13/v1361	SES068	0.501034	-58.7983	-59.2994
spk_ver/v13/v1362	SES275	-5.07763	-65.4885	-60.4109
spk_ver/v13/v1363	SES275	-4.30539	-65.7773	-61.4719
spk_ver/v13/v1364	SES275	-6.56951	-70.8351	-64.2656
spk_ver/v13/v1365	SES275	-4.82289	-65.6921	-60.8692
spk_ver/v13/v1366	SES187	0.791046	-59.622	-60.4131
spk_ver/v13/v1367	SES275	-6.40551	-68.4187	-62.0132
spk_ver/v13/v1368	SES125	1.04724	-59.07	-60.1172
spk_ver/v13/v1369	SES275	-3.02102	-66.0175	-62.9965
spk_ver/v13/v1370	SES292	-4.35078	-64.8762	-60.5254
spk_ver/v13/v1371	SES292	-3.83221	-64.14	-60.3078
spk_ver/v13/v1372	SES292	-4.57186	-66.4531	-61.8812
spk_ver/v13/v1373	SES292	-3.18698	-64.3763	-61.1893
spk_ver/v13/v1374	SES101	0.450542	-60.9341	-61.3846
spk_ver/v13/v1375	SES292	-3.57268	-65.5921	-62.0194
spk_ver/v13/v1376	SES292	-2.50289	-63.0619	-60.559
spk_ver/v13/v1377	SES292	-5.24706	-68.2775	-63.0305
spk_ver/v13/v1378	SES292	-1.37881	-61.8991	-60.5203
spk_ver/v13/v1379	SES292	-2.05308	-63.8238	-61.7707
spk_ver/v13/v1380	SES292	-3.46138	-65.2426	-61.7812
spk_ver/v13/v1381	SES292	-4.07429	-62.0948	-58.0205
spk_ver/v13/v1382	SES292	-4.37553	-68.6114	-64.2358
spk_ver/v13/v1383	SES292	-2.29202	-63.6665	-61.3745
spk_ver/v13/v1384	SES292	-2.65454	-63.8704	-61.2158
spk_ver/v13/v1385	SES292	-3.28027	-65.0018	-61.7215
spk_ver/v13/v1386	SES292	-3.01719	-65.1337	-62.1166
spk_ver/v13/v1387	SES158	1.57801	-60.9651	-62.5431
spk_ver/v13/v1388	SES292	-0.675373	-60.3811	-59.7058
spk_ver/v13/v1389	SES292	-1.61598	-60.0776	-58.4616
spk_ver/v13/v1390	SES292	-5.49738	-64.7839	-59.2865
spk_ver/v13/v1391	SES292	-2.73903	-63.3734	-60.6344
spk_ver/v13/v1392	SES292	-4.05079	-67.5715	-63.5207
spk_ver/v13/v1393	SES292	-4.3161	-64.1646	-59.8485
spk_ver/v13/v1394	SES292	-4.01951	-66.1805	-62.161
spk_ver/v13/v1395	SES292	-5.64506	-65.1359	-59.4909
spk_ver/v13/v1396	SES117	1.37376	-61.3543	-62.7281
spk_ver/v13/v1397	SES292	-4.42937	-63.724	-59.2946
spk_ver/v13/v1398	SES292	-4.67023	-67.5734	-62.9031
spk_ver/v13/v1399	SES292	-1.65467	-62.9923	-61.3376
