Threshold search:
THR	-12.23501568452	9	0(0)	1(1000)
THR	-12.0781703276748	8.991	0(0)	0.999(999)
THR	-11.9213249708296	8.991	0(0)	0.999(999)
THR	-11.7644796139844	8.991	0(0)	0.999(999)
THR	-11.6076342571392	8.991	0(0)	0.999(999)
THR	-11.450788900294	8.991	0(0)	0.999(999)
THR	-11.2939435434488	8.991	0(0)	0.999(999)
THR	-11.1370981866036	8.991	0(0)	0.999(999)
THR	-10.9802528297584	8.991	0(0)	0.999(999)
THR	-10.8234074729132	8.991	0(0)	0.999(999)
THR	-10.666562116068	8.991	0(0)	0.999(999)
THR	-10.5097167592228	8.991	0(0)	0.999(999)
THR	-10.3528714023776	8.991	0(0)	0.999(999)
THR	-10.1960260455324	8.991	0(0)	0.999(999)
THR	-10.0391806886872	8.991	0(0)	0.999(999)
THR	-9.88233533184201	8.991	0(0)	0.999(999)
THR	-9.72548997499681	8.991	0(0)	0.999(999)
THR	-9.56864461815161	8.991	0(0)	0.999(999)
THR	-9.41179926130641	8.991	0(0)	0.999(999)
THR	-9.25495390446121	8.991	0(0)	0.999(999)
THR	-9.09810854761601	8.991	0(0)	0.999(999)
THR	-8.94126319077081	8.982	0(0)	0.998(998)
THR	-8.78441783392561	8.982	0(0)	0.998(998)
THR	-8.62757247708041	8.982	0(0)	0.998(998)
THR	-8.47072712023522	8.982	0(0)	0.998(998)
THR	-8.31388176339002	8.982	0(0)	0.998(998)
THR	-8.15703640654482	8.982	0(0)	0.998(998)
THR	-8.00019104969962	8.982	0(0)	0.998(998)
THR	-7.84334569285442	8.982	0(0)	0.998(998)
THR	-7.68650033600922	8.973	0(0)	0.997(997)
THR	-7.52965497916402	8.973	0(0)	0.997(997)
THR	-7.37280962231882	8.955	0(0)	0.995(995)
THR	-7.21596426547362	8.955	0(0)	0.995(995)
THR	-7.05911890862842	8.955	0(0)	0.995(995)
THR	-6.90227355178322	8.946	0(0)	0.994(994)
THR	-6.74542819493802	8.946	0(0)	0.994(994)
THR	-6.58858283809282	8.946	0(0)	0.994(994)
THR	-6.43173748124762	8.928	0(0)	0.992(992)
THR	-6.27489212440242	8.928	0(0)	0.992(992)
THR	-6.11804676755722	8.919	0(0)	0.991(991)
THR	-5.96120141071202	8.919	0(0)	0.991(991)
THR	-5.80435605386682	8.883	0(0)	0.987(987)
THR	-5.64751069702162	8.856	0(0)	0.984(984)
THR	-5.49066534017641	8.838	0(0)	0.982(982)
THR	-5.33381998333121	8.802	0(0)	0.978(978)
THR	-5.17697462648601	8.721	0(0)	0.969(969)
THR	-5.02012926964081	8.694	0(0)	0.966(966)
THR	-4.86328391279561	8.64	0(0)	0.96(960)
THR	-4.70643855595041	8.532	0(0)	0.948(948)
THR	-4.54959319910521	8.446	0.004(1)	0.938(938)
THR	-4.39274784226001	8.329	0.004(1)	0.925(925)
THR	-4.23590248541481	8.266	0.004(1)	0.918(918)
THR	-4.07905712856961	8.122	0.004(1)	0.902(902)
THR	-3.92221177172441	8.023	0.004(1)	0.891(891)
THR	-3.76536641487921	7.888	0.004(1)	0.876(876)
THR	-3.60852105803401	7.708	0.004(1)	0.856(856)
THR	-3.45167570118881	7.528	0.004(1)	0.836(836)
THR	-3.29483034434361	7.303	0.004(1)	0.811(811)
THR	-3.13798498749841	7.051	0.004(1)	0.783(783)
THR	-2.98113963065321	6.772	0.004(1)	0.752(752)
THR	-2.82429427380801	6.367	0.004(1)	0.707(707)
THR	-2.66744891696281	5.989	0.004(1)	0.665(665)
THR	-2.51060356011761	5.539	0.004(1)	0.615(615)
THR	-2.35375820327241	5.008	0.004(1)	0.556(556)
THR	-2.19691284642721	4.477	0.004(1)	0.497(497)
THR	-2.04006748958201	3.991	0.004(1)	0.443(443)
THR	-1.88322213273681	3.46	0.004(1)	0.384(384)
THR	-1.72637677589161	2.956	0.004(1)	0.328(328)
THR	-1.56953141904641	2.506	0.004(1)	0.278(278)
THR	-1.41268606220121	1.975	0.004(1)	0.219(219)
THR	-1.25584070535601	1.615	0.004(1)	0.179(179)
THR	-1.09899534851081	1.21	0.004(1)	0.134(134)
THR	-0.942149991665611	0.868	0.004(1)	0.096(96)
THR	-0.785304634820411	0.562	0.004(1)	0.062(62)
THR	-0.628459277975211	0.367	0.016(4)	0.039(39)
THR	-0.471613921130011	0.227	0.02(5)	0.023(23)
THR	-0.314768564284811	0.122	0.032(8)	0.01(10)
THR	-0.157923207439611	0.107	0.044(11)	0.007(7)
THR	-0.00107785059441151	0.088	0.052(13)	0.004(4)
THR	0.155767506250788	0.102	0.084(21)	0.002(2)
THR	0.312612863095988	0.133	0.124(31)	0.001(1)
THR	0.469458219941188	0.185	0.176(44)	0.001(1)
THR	0.626303576786388	0.249	0.24(60)	0.001(1)
THR	0.783148933631588	0.337	0.328(82)	0.001(1)
THR	0.939994290476788	0.401	0.392(98)	0.001(1)
THR	1.09683964732199	0.448	0.448(112)	0(0)
THR	1.25368500416719	0.54	0.54(135)	0(0)
THR	1.41053036101239	0.596	0.596(149)	0(0)
THR	1.56737571785759	0.664	0.664(166)	0(0)
THR	1.72422107470279	0.716	0.716(179)	0(0)
THR	1.88106643154799	0.776	0.776(194)	0(0)
THR	2.03791178839319	0.824	0.824(206)	0(0)
THR	2.19475714523839	0.868	0.868(217)	0(0)
THR	2.35160250208359	0.904	0.904(226)	0(0)
THR	2.50844785892879	0.924	0.924(231)	0(0)
THR	2.66529321577399	0.936	0.936(234)	0(0)
THR	2.82213857261919	0.96	0.96(240)	0(0)
THR	2.97898392946439	0.964	0.964(241)	0(0)
THR	3.13582928630959	0.976	0.976(244)	0(0)
THR	3.29267464315479	0.984	0.984(246)	0(0)
THR	3.44951999999999	0.996	0.996(249)	0(0)
THR	3.60636535684519	1	1(250)	0(0)


==============================================
THR: -0.00107785059441151
Missed:     13/250=0.0520
FalseAlarm: 4/1000=0.0040
----------------------------------------------
==> CostDetection: 8.8
==============================================
Threshold search:
THR	-12.23501568452	9	0(0)	1(1000)
THR	-12.0781703276748	8.991	0(0)	0.999(999)
THR	-11.9213249708296	8.991	0(0)	0.999(999)
THR	-11.7644796139844	8.991	0(0)	0.999(999)
THR	-11.6076342571392	8.991	0(0)	0.999(999)
THR	-11.450788900294	8.991	0(0)	0.999(999)
THR	-11.2939435434488	8.991	0(0)	0.999(999)
THR	-11.1370981866036	8.991	0(0)	0.999(999)
THR	-10.9802528297584	8.991	0(0)	0.999(999)
THR	-10.8234074729132	8.991	0(0)	0.999(999)
THR	-10.666562116068	8.991	0(0)	0.999(999)
THR	-10.5097167592228	8.991	0(0)	0.999(999)
THR	-10.3528714023776	8.991	0(0)	0.999(999)
THR	-10.1960260455324	8.991	0(0)	0.999(999)
THR	-10.0391806886872	8.991	0(0)	0.999(999)
THR	-9.88233533184201	8.991	0(0)	0.999(999)
THR	-9.72548997499681	8.991	0(0)	0.999(999)
THR	-9.56864461815161	8.991	0(0)	0.999(999)
THR	-9.41179926130641	8.991	0(0)	0.999(999)
THR	-9.25495390446121	8.991	0(0)	0.999(999)
THR	-9.09810854761601	8.991	0(0)	0.999(999)
THR	-8.94126319077081	8.982	0(0)	0.998(998)
THR	-8.78441783392561	8.982	0(0)	0.998(998)
THR	-8.62757247708041	8.982	0(0)	0.998(998)
THR	-8.47072712023522	8.982	0(0)	0.998(998)
THR	-8.31388176339002	8.982	0(0)	0.998(998)
THR	-8.15703640654482	8.982	0(0)	0.998(998)
THR	-8.00019104969962	8.982	0(0)	0.998(998)
THR	-7.84334569285442	8.982	0(0)	0.998(998)
THR	-7.68650033600922	8.973	0(0)	0.997(997)
THR	-7.52965497916402	8.973	0(0)	0.997(997)
THR	-7.37280962231882	8.955	0(0)	0.995(995)
THR	-7.21596426547362	8.955	0(0)	0.995(995)
THR	-7.05911890862842	8.955	0(0)	0.995(995)
THR	-6.90227355178322	8.946	0(0)	0.994(994)
THR	-6.74542819493802	8.946	0(0)	0.994(994)
THR	-6.58858283809282	8.946	0(0)	0.994(994)
THR	-6.43173748124762	8.928	0(0)	0.992(992)
THR	-6.27489212440242	8.928	0(0)	0.992(992)
THR	-6.11804676755722	8.919	0(0)	0.991(991)
THR	-5.96120141071202	8.919	0(0)	0.991(991)
THR	-5.80435605386682	8.883	0(0)	0.987(987)
THR	-5.64751069702162	8.856	0(0)	0.984(984)
THR	-5.49066534017641	8.838	0(0)	0.982(982)
THR	-5.33381998333121	8.802	0(0)	0.978(978)
THR	-5.17697462648601	8.721	0(0)	0.969(969)
THR	-5.02012926964081	8.694	0(0)	0.966(966)
THR	-4.86328391279561	8.64	0(0)	0.96(960)
THR	-4.70643855595041	8.532	0(0)	0.948(948)
THR	-4.54959319910521	8.446	0.004(1)	0.938(938)
THR	-4.39274784226001	8.329	0.004(1)	0.925(925)
THR	-4.23590248541481	8.266	0.004(1)	0.918(918)
THR	-4.07905712856961	8.122	0.004(1)	0.902(902)
THR	-3.92221177172441	8.023	0.004(1)	0.891(891)
THR	-3.76536641487921	7.888	0.004(1)	0.876(876)
THR	-3.60852105803401	7.708	0.004(1)	0.856(856)
THR	-3.45167570118881	7.528	0.004(1)	0.836(836)
THR	-3.29483034434361	7.303	0.004(1)	0.811(811)
THR	-3.13798498749841	7.051	0.004(1)	0.783(783)
THR	-2.98113963065321	6.772	0.004(1)	0.752(752)
THR	-2.82429427380801	6.367	0.004(1)	0.707(707)
THR	-2.66744891696281	5.989	0.004(1)	0.665(665)
THR	-2.51060356011761	5.539	0.004(1)	0.615(615)
THR	-2.35375820327241	5.008	0.004(1)	0.556(556)
THR	-2.19691284642721	4.477	0.004(1)	0.497(497)
THR	-2.04006748958201	3.991	0.004(1)	0.443(443)
THR	-1.88322213273681	3.46	0.004(1)	0.384(384)
THR	-1.72637677589161	2.956	0.004(1)	0.328(328)
THR	-1.56953141904641	2.506	0.004(1)	0.278(278)
THR	-1.41268606220121	1.975	0.004(1)	0.219(219)
THR	-1.25584070535601	1.615	0.004(1)	0.179(179)
THR	-1.09899534851081	1.21	0.004(1)	0.134(134)
THR	-0.942149991665611	0.868	0.004(1)	0.096(96)
THR	-0.785304634820411	0.562	0.004(1)	0.062(62)
THR	-0.628459277975211	0.367	0.016(4)	0.039(39)
THR	-0.471613921130011	0.227	0.02(5)	0.023(23)
THR	-0.314768564284811	0.122	0.032(8)	0.01(10)
THR	-0.157923207439611	0.107	0.044(11)	0.007(7)
THR	-0.00107785059441151	0.088	0.052(13)	0.004(4)
THR	0.155767506250788	0.102	0.084(21)	0.002(2)
THR	0.312612863095988	0.133	0.124(31)	0.001(1)
THR	0.469458219941188	0.185	0.176(44)	0.001(1)
THR	0.626303576786388	0.249	0.24(60)	0.001(1)
THR	0.783148933631588	0.337	0.328(82)	0.001(1)
THR	0.939994290476788	0.401	0.392(98)	0.001(1)
THR	1.09683964732199	0.448	0.448(112)	0(0)
THR	1.25368500416719	0.54	0.54(135)	0(0)
THR	1.41053036101239	0.596	0.596(149)	0(0)
THR	1.56737571785759	0.664	0.664(166)	0(0)
THR	1.72422107470279	0.716	0.716(179)	0(0)
THR	1.88106643154799	0.776	0.776(194)	0(0)
THR	2.03791178839319	0.824	0.824(206)	0(0)
THR	2.19475714523839	0.868	0.868(217)	0(0)
THR	2.35160250208359	0.904	0.904(226)	0(0)
THR	2.50844785892879	0.924	0.924(231)	0(0)
THR	2.66529321577399	0.936	0.936(234)	0(0)
THR	2.82213857261919	0.96	0.96(240)	0(0)
THR	2.97898392946439	0.964	0.964(241)	0(0)
THR	3.13582928630959	0.976	0.976(244)	0(0)
THR	3.29267464315479	0.984	0.984(246)	0(0)
THR	3.44951999999999	0.996	0.996(249)	0(0)
THR	3.60636535684519	1	1(250)	0(0)


==============================================
THR: -0.00107785059441151
Missed:     13/250=0.0520
FalseAlarm: 4/1000=0.0040
----------------------------------------------
==> CostDetection: 8.8
==============================================
Threshold search:
THR	-12.15491578079	9	0(0)	1(1000)
THR	-11.9971077229821	8.991	0(0)	0.999(999)
THR	-11.8392996651742	8.991	0(0)	0.999(999)
THR	-11.6814916073663	8.991	0(0)	0.999(999)
THR	-11.5236835495584	8.991	0(0)	0.999(999)
THR	-11.3658754917505	8.991	0(0)	0.999(999)
THR	-11.2080674339426	8.991	0(0)	0.999(999)
THR	-11.0502593761347	8.991	0(0)	0.999(999)
THR	-10.8924513183268	8.991	0(0)	0.999(999)
THR	-10.7346432605189	8.991	0(0)	0.999(999)
THR	-10.576835202711	8.991	0(0)	0.999(999)
THR	-10.4190271449031	8.991	0(0)	0.999(999)
THR	-10.2612190870952	8.991	0(0)	0.999(999)
THR	-10.1034110292873	8.991	0(0)	0.999(999)
THR	-9.9456029714794	8.991	0(0)	0.999(999)
THR	-9.7877949136715	8.991	0(0)	0.999(999)
THR	-9.6299868558636	8.991	0(0)	0.999(999)
THR	-9.4721787980557	8.991	0(0)	0.999(999)
THR	-9.3143707402478	8.991	0(0)	0.999(999)
THR	-9.1565626824399	8.982	0(0)	0.998(998)
THR	-8.998754624632	8.982	0(0)	0.998(998)
THR	-8.8409465668241	8.982	0(0)	0.998(998)
THR	-8.6831385090162	8.982	0(0)	0.998(998)
THR	-8.5253304512083	8.982	0(0)	0.998(998)
THR	-8.3675223934004	8.982	0(0)	0.998(998)
THR	-8.2097143355925	8.982	0(0)	0.998(998)
THR	-8.0519062777846	8.982	0(0)	0.998(998)
THR	-7.8940982199767	8.982	0(0)	0.998(998)
THR	-7.7362901621688	8.982	0(0)	0.998(998)
THR	-7.5784821043609	8.973	0(0)	0.997(997)
THR	-7.420674046553	8.955	0(0)	0.995(995)
THR	-7.2628659887451	8.955	0(0)	0.995(995)
THR	-7.1050579309372	8.955	0(0)	0.995(995)
THR	-6.9472498731293	8.955	0(0)	0.995(995)
THR	-6.7894418153214	8.946	0(0)	0.994(994)
THR	-6.6316337575135	8.946	0(0)	0.994(994)
THR	-6.4738256997056	8.937	0(0)	0.993(993)
THR	-6.3160176418977	8.928	0(0)	0.992(992)
THR	-6.1582095840898	8.919	0(0)	0.991(991)
THR	-6.0004015262819	8.919	0(0)	0.991(991)
THR	-5.842593468474	8.892	0(0)	0.988(988)
THR	-5.6847854106661	8.865	0(0)	0.985(985)
THR	-5.5269773528582	8.838	0(0)	0.982(982)
THR	-5.3691692950503	8.82	0(0)	0.98(980)
THR	-5.2113612372424	8.757	0(0)	0.973(973)
THR	-5.0535531794345	8.703	0(0)	0.967(967)
THR	-4.8957451216266	8.676	0(0)	0.964(964)
THR	-4.7379370638187	8.568	0(0)	0.952(952)
THR	-4.5801290060108	8.496	0(0)	0.944(944)
THR	-4.4223209482029	8.401	0.004(1)	0.933(933)
THR	-4.264512890395	8.311	0.004(1)	0.923(923)
THR	-4.1067048325871	8.185	0.004(1)	0.909(909)
THR	-3.9488967747792	8.068	0.004(1)	0.896(896)
THR	-3.7910887169713	7.915	0.004(1)	0.879(879)
THR	-3.6332806591634	7.78	0.004(1)	0.864(864)
THR	-3.4754726013555	7.591	0.004(1)	0.843(843)
THR	-3.3176645435476	7.393	0.004(1)	0.821(821)
THR	-3.1598564857397	7.105	0.004(1)	0.789(789)
THR	-3.0020484279318	6.934	0.004(1)	0.77(770)
THR	-2.8442403701239	6.538	0.004(1)	0.726(726)
THR	-2.686432312316	6.16	0.004(1)	0.684(684)
THR	-2.5286242545081	5.674	0.004(1)	0.63(630)
THR	-2.3708161967002	5.152	0.004(1)	0.572(572)
THR	-2.2130081388923	4.684	0.004(1)	0.52(520)
THR	-2.0552000810844	4.126	0.004(1)	0.458(458)
THR	-1.8973920232765	3.532	0.004(1)	0.392(392)
THR	-1.7395839654686	3.019	0.004(1)	0.335(335)
THR	-1.5817759076607	2.605	0.004(1)	0.289(289)
THR	-1.4239678498528	2.074	0.004(1)	0.23(230)
THR	-1.2661597920449	1.696	0.004(1)	0.188(188)
THR	-1.108351734237	1.264	0.004(1)	0.14(140)
THR	-0.950543676429101	0.922	0.004(1)	0.102(102)
THR	-0.792735618621201	0.643	0.004(1)	0.071(71)
THR	-0.634927560813301	0.453	0.012(3)	0.049(49)
THR	-0.477119503005401	0.281	0.02(5)	0.029(29)
THR	-0.319311445197501	0.15	0.024(6)	0.014(14)
THR	-0.161503387389601	0.108	0.036(9)	0.008(8)
THR	-0.00369532958170099	0.079	0.052(13)	0.003(3)
THR	0.154112728226199	0.107	0.08(20)	0.003(3)
THR	0.311920786034099	0.142	0.124(31)	0.002(2)
THR	0.469728843841999	0.165	0.156(39)	0.001(1)
THR	0.627536901649899	0.237	0.228(57)	0.001(1)
THR	0.785344959457799	0.329	0.32(80)	0.001(1)
THR	0.943153017265699	0.397	0.388(97)	0.001(1)
THR	1.1009610750736	0.44	0.44(110)	0(0)
THR	1.2587691328815	0.524	0.524(131)	0(0)
THR	1.4165771906894	0.596	0.596(149)	0(0)
THR	1.5743852484973	0.656	0.656(164)	0(0)
THR	1.7321933063052	0.7	0.7(175)	0(0)
THR	1.8900013641131	0.756	0.756(189)	0(0)
THR	2.047809421921	0.836	0.836(209)	0(0)
THR	2.2056174797289	0.856	0.856(214)	0(0)
THR	2.3634255375368	0.884	0.884(221)	0(0)
THR	2.5212335953447	0.92	0.92(230)	0(0)
THR	2.6790416531526	0.932	0.932(233)	0(0)
THR	2.8368497109605	0.948	0.948(237)	0(0)
THR	2.9946577687684	0.956	0.956(239)	0(0)
THR	3.1524658265763	0.968	0.968(242)	0(0)
THR	3.3102738843842	0.976	0.976(244)	0(0)
THR	3.4680819421921	0.988	0.988(247)	0(0)
THR	3.62589	0.996	0.996(249)	0(0)
THR	3.7836980578079	1	1(250)	0(0)


==============================================
THR: -0.00369532958170099
Missed:     13/250=0.0520
FalseAlarm: 3/1000=0.0030
----------------------------------------------
==> CostDetection: 7.9
==============================================
